#
# A fatal error has been detected by the Java Runtime Environment:
#
#  SIGSEGV (0xb) at pc=0x00007f31b54fd401, pid=286, tid=395
#
# JRE version: OpenJDK Runtime Environment (11.0.8+10) (build 11.0.8+10-post-Ubuntu-0ubuntu118.04.1)
# Java VM: OpenJDK 64-Bit Server VM (11.0.8+10-post-Ubuntu-0ubuntu118.04.1, mixed mode, sharing, tiered, compressed oops, serial gc, linux-amd64)
# Problematic frame:
# C  [libjimage.so+0x2401]
#
# Core dump will be written. Default location: Core dumps may be processed with "/usr/share/apport/apport %p %s %c %d %P %E" (or dumping to /home/runner/a8q3-Girlc7442/core.286)
#
# If you would like to submit a bug report, please visit:
#   https://bugs.launchpad.net/ubuntu/+source/openjdk-lts
#

---------------  S U M M A R Y ------------

Command Line: Main

Host: Intel(R) Xeon(R) CPU @ 2.30GHz, 4 cores, 512M, Ubuntu 18.04.5 LTS
Time: Fri Oct 30 15:13:29 2020 UTC elapsed time: 1628 seconds (0d 0h 27m 8s)

---------------  T H R E A D  ---------------

Current thread (0x00007f3144001000):  JavaThread "XToolkt-Shutdown-Thread" [_thread_in_vm, id=395, stack(0x00007f31afdfe000,0x00007f31afeff000)]

Stack: [0x00007f31afdfe000,0x00007f31afeff000],  sp=0x00007f31afefc060,  free space=1016k
Native frames: (J=compiled Java code, A=aot compiled Java code, j=interpreted, Vv=VM code, C=native code)
C  [libjimage.so+0x2401]
C  [libjimage.so+0x30ea]
C  [libjimage.so+0x35c6]  JIMAGE_FindResource+0xd6
V  [libjvm.so+0x59097e]
V  [libjvm.so+0x5936e0]
V  [libjvm.so+0xd50b85]
V  [libjvm.so+0xd4e51a]
V  [libjvm.so+0xd51112]
V  [libjvm.so+0x647127]
V  [libjvm.so+0xa3c57a]
V  [libjvm.so+0x844136]
V  [libjvm.so+0x84502d]
j  sun.awt.X11.XToolkit.lambda$init$0()V+0 java.desktop@11.0.8
j  sun.awt.X11.XToolkit$$Lambda$9.run()V+4 java.desktop@11.0.8
j  java.lang.Thread.run()V+11 java.base@11.0.8
v  ~StubRoutines::call_stub
V  [libjvm.so+0x84eb09]
V  [libjvm.so+0x84cc4d]
V  [libjvm.so+0x8f6c9c]
V  [libjvm.so+0xd8996f]
V  [libjvm.so+0xd860bf]
V  [libjvm.so+0xbd632e]

Java frames: (J=compiled Java code, j=interpreted, Vv=VM code)
j  sun.awt.X11.XToolkit.lambda$init$0()V+0 java.desktop@11.0.8
j  sun.awt.X11.XToolkit$$Lambda$9.run()V+4 java.desktop@11.0.8
j  java.lang.Thread.run()V+11 java.base@11.0.8
v  ~StubRoutines::call_stub

siginfo: si_signo: 11 (SIGSEGV), si_code: 1 (SEGV_MAPERR), si_addr: 0x00007f31a7904ca8

Register to memory mapping:

RAX=0x0000000000000b23 is an unknown value
RBX=0x00007f31afefc111 is pointing into the stack for thread: 0x00007f3144001000
RCX=0x00007f31a790201c is an unknown value
RDX=0x0000000000000b23 is an unknown value
RSP=0x00007f31afefc060 is pointing into the stack for thread: 0x00007f3144001000
RBP=0x00007f31afefc080 is pointing into the stack for thread: 0x00007f3144001000
RSI=0x00007f31afefc110 is pointing into the stack for thread: 0x00007f3144001000
RDI=0x00007f31b5700030: <offset 0x0000000000205030> in /usr/lib/jvm/java-11-openjdk-amd64/lib/libjimage.so at 0x00007f31b54fb000
R8 =0x0 is NULL
R9 =0x00000000ca0d71f0 is an unknown value
R10=0x00007f31afefc134 is pointing into the stack for thread: 0x00007f3144001000
R11=0x00007f31b753607d: <offset 0x0000000000eb307d> in /usr/lib/jvm/java-11-openjdk-amd64/lib/server/libjvm.so at 0x00007f31b6683000
R12=0x00007f31afefc110 is pointing into the stack for thread: 0x00007f3144001000
R13=0x00000000000083bc is an unknown value
R14=0x00007f31afefd1a8 is pointing into the stack for thread: 0x00007f3144001000
R15=0x00007f318828c3c0 points into unknown readable memory: 73 75 6e 2f 61 77 74 2f


Registers:
RAX=0x0000000000000b23, RBX=0x00007f31afefc111, RCX=0x00007f31a790201c, RDX=0x0000000000000b23
RSP=0x00007f31afefc060, RBP=0x00007f31afefc080, RSI=0x00007f31afefc110, RDI=0x00007f31b5700030
R8 =0x0000000000000000, R9 =0x00000000ca0d71f0, R10=0x00007f31afefc134, R11=0x00007f31b753607d
R12=0x00007f31afefc110, R13=0x00000000000083bc, R14=0x00007f31afefd1a8, R15=0x00007f318828c3c0
RIP=0x00007f31b54fd401, EFLAGS=0x0000000000010246, CSGSFS=0x002b000000000033, ERR=0x0000000000000004
  TRAPNO=0x000000000000000e

Top of Stack: (sp=0x00007f31afefc060)
0x00007f31afefc060:   0000000000000000 00007f31b0009600
0x00007f31afefc070:   0000000000000000 00007f31afefc110
0x00007f31afefc080:   00007f31afefc0f0 00007f31b54fe0ea
0x00007f31afefc090:   0000000000000000 0000000000000000 

Instructions: (pc=0x00007f31b54fd401)
0x00007f31b54fd301:   c5 4c 01 e3 48 89 ce e8 d3 f3 ff ff e9 69 fd ff
0x00007f31b54fd311:   ff 89 d1 0f b7 74 08 fe 66 41 89 74 0e fe e9 7a
0x00007f31b54fd321:   fe ff ff 0f 1f 40 00 8b 08 49 8d 1c 16 41 89 0e
0x00007f31b54fd331:   89 d1 8b 74 08 fc 41 89 74 0e fc 48 8d 34 10 48
0x00007f31b54fd341:   89 75 b8 e9 0b fe ff ff 0f 1f 80 00 00 00 00 0f
0x00007f31b54fd351:   b6 17 55 89 f0 48 89 e5 84 d2 74 22 48 8d 4f 01
0x00007f31b54fd361:   0f 1f 80 00 00 00 00 48 83 c1 01 0f b6 f2 0f b6
0x00007f31b54fd371:   51 ff 69 c0 93 01 00 01 31 f0 84 d2 75 e9 25 ff
0x00007f31b54fd381:   ff ff 7f 5d c3 66 2e 0f 1f 84 00 00 00 00 00 48
0x00007f31b54fd391:   85 d2 0f 84 dd 00 00 00 85 c9 0f 84 d5 00 00 00
0x00007f31b54fd3a1:   55 48 89 e5 41 55 41 54 53 48 8d 5e 01 48 83 ec
0x00007f31b54fd3b1:   08 44 0f b6 06 45 84 c0 0f 84 a9 00 00 00 49 89
0x00007f31b54fd3c1:   da b8 93 01 00 01 66 0f 1f 84 00 00 00 00 00 49
0x00007f31b54fd3d1:   83 c2 01 44 69 c8 93 01 00 01 41 0f b6 c0 45 0f
0x00007f31b54fd3e1:   b6 42 ff 44 31 c8 45 84 c0 75 e4 25 ff ff ff 7f
0x00007f31b54fd3f1:   41 89 cd 48 89 d1 31 d2 41 f7 f5 49 89 f4 89 d0
0x00007f31b54fd401:   8b 34 81 48 8b 07 ff 50 20 83 f8 00 7e 41 41 0f
0x00007f31b54fd411:   b6 14 24 84 d2 74 1c 0f 1f 84 00 00 00 00 00 69
0x00007f31b54fd421:   c0 93 01 00 01 48 83 c3 01 31 d0 0f b6 53 ff 84
0x00007f31b54fd431:   d2 75 ec 25 ff ff ff 7f 31 d2 41 f7 f5 48 83 c4
0x00007f31b54fd441:   08 89 d0 5b 41 5c 41 5d 5d c3 0f 1f 44 00 00 74
0x00007f31b54fd451:   1d f7 d0 48 83 c4 08 89 c2 5b 89 d0 41 5c 41 5d
0x00007f31b54fd461:   5d c3 0f 1f 44 00 00 b8 93 01 00 01 eb 82 ba ff
0x00007f31b54fd471:   ff ff ff eb c8 83 ca ff 89 d0 c3 0f 1f 40 00 0f
0x00007f31b54fd481:   b6 17 55 48 89 f8 48 89 e5 84 d2 75 15 eb 1a 38
0x00007f31b54fd491:   ca 75 1c 48 83 c0 01 0f b6 10 48 83 c6 01 84 d2
0x00007f31b54fd4a1:   74 07 0f b6 0e 84 c9 75 e6 5d c3 0f 1f 40 00 31
0x00007f31b54fd4b1:   c0 5d c3 66 90 66 2e 0f 1f 84 00 00 00 00 00 55
0x00007f31b54fd4c1:   48 85 f6 48 89 e5 74 57 0f 1f 80 00 00 00 00 0f
0x00007f31b54fd4d1:   b6 06 84 c0 74 49 0f b6 d0 83 e0 07 c1 fa 03 44
0x00007f31b54fd4e1:   8d 50 01 0f b6 c0 41 89 d1 48 8d 56 01 4c 8d 44
0x00007f31b54fd4f1:   06 02 31 c0 0f 1f 00 0f b6 0a 48 c1 e0 08 48 83 


Stack slot to memory mapping:
stack at sp + 0 slots: 0x0 is NULL
stack at sp + 1 slots: 0x00007f31b0009600 points into unknown readable memory: 50 0f 00 54 31 7f 00 00
stack at sp + 2 slots: 0x0 is NULL
stack at sp + 3 slots: 0x00007f31afefc110 is pointing into the stack for thread: 0x00007f3144001000
stack at sp + 4 slots: 0x00007f31afefc0f0 is pointing into the stack for thread: 0x00007f3144001000
stack at sp + 5 slots: 0x00007f31b54fe0ea: <offset 0x00000000000030ea> in /usr/lib/jvm/java-11-openjdk-amd64/lib/libjimage.so at 0x00007f31b54fb000
stack at sp + 6 slots: 0x0 is NULL
stack at sp + 7 slots: 0x0 is NULL


---------------  P R O C E S S  ---------------

Threads class SMR info:
_java_thread_list=0x00007f3144002b40, length=17, elements={
0x00007f31b0051000, 0x00007f31b0053000, 0x00007f31b0059000, 0x00007f31b005b800,
0x00007f31b005d800, 0x00007f31b005f800, 0x00007f31b009a800, 0x00007f31b00a3800,
0x00007f31b01fb800, 0x00007f31b0201800, 0x00007f31b0205000, 0x00007f31b020f000,
0x00007f31b0016000, 0x00007f314c1cd000, 0x00007f3184001000, 0x00007f3184003000,
0x00007f3144001000
}

Java Threads: ( => current thread )
  0x00007f31b0051000 JavaThread "Reference Handler" daemon [_thread_blocked, id=289, stack(0x00007f319867e000,0x00007f319877f000)]
  0x00007f31b0053000 JavaThread "Finalizer" daemon [_thread_blocked, id=290, stack(0x00007f319857d000,0x00007f319867e000)]
  0x00007f31b0059000 JavaThread "Signal Dispatcher" daemon [_thread_blocked, id=291, stack(0x00007f31982e1000,0x00007f31983e2000)]
  0x00007f31b005b800 JavaThread "C2 CompilerThread0" daemon [_thread_blocked, id=292, stack(0x00007f31981e0000,0x00007f31982e1000)]
  0x00007f31b005d800 JavaThread "C1 CompilerThread0" daemon [_thread_blocked, id=293, stack(0x00007f31980df000,0x00007f31981e0000)]
  0x00007f31b005f800 JavaThread "Sweeper thread" daemon [_thread_blocked, id=294, stack(0x00007f3183eff000,0x00007f3184000000)]
  0x00007f31b009a800 JavaThread "Service Thread" daemon [_thread_blocked, id=295, stack(0x00007f3183dfe000,0x00007f3183eff000)]
  0x00007f31b00a3800 JavaThread "Common-Cleaner" daemon [_thread_blocked, id=297, stack(0x00007f3183bfb000,0x00007f3183cfc000)]
  0x00007f31b01fb800 JavaThread "Java2D Disposer" daemon [_thread_blocked, id=348, stack(0x00007f3180017000,0x00007f3180118000)]
  0x00007f31b0201800 JavaThread "AWT-XAWT" daemon [_thread_in_native, id=349, stack(0x00007f316e21a000,0x00007f316e31b000)]
  0x00007f31b0205000 JavaThread "AWT-Shutdown" [_thread_blocked, id=350, stack(0x00007f316e119000,0x00007f316e21a000)]
  0x00007f31b020f000 JavaThread "AWT-EventQueue-0" [_thread_blocked, id=351, stack(0x00007f316e018000,0x00007f316e119000)]
  0x00007f31b0016000 JavaThread "DestroyJavaVM" [_thread_blocked, id=287, stack(0x00007f31b87f0000,0x00007f31b88f1000)]
  0x00007f314c1cd000 JavaThread "TimerQueue" daemon [_thread_blocked, id=352, stack(0x00007f316dd17000,0x00007f316de18000)]
  0x00007f3184001000 JavaThread "SIGHUP handler" daemon [_thread_blocked, id=393, stack(0x00007f316dc16000,0x00007f316dd17000)]
  0x00007f3184003000 JavaThread "SIGTERM handler" daemon [_thread_blocked, id=394, stack(0x00007f31afeff000,0x00007f31b0000000)]
=>0x00007f3144001000 JavaThread "XToolkt-Shutdown-Thread" [_thread_in_vm, id=395, stack(0x00007f31afdfe000,0x00007f31afeff000)]

Other Threads:
  0x00007f31b004e000 VMThread "VM Thread" [stack: 0x00007f3198781000,0x00007f3198881000] [id=288]
  0x00007f31b009c800 WatcherThread [stack: 0x00007f3183cfe000,0x00007f3183dfe000] [id=296]

Threads with active compile tasks:

VM state:not at safepoint (normal execution)

VM Mutex/Monitor currently owned by a thread: None

Heap address: 0x00000000f8000000, size: 128 MB, Compressed Oops mode: 32-bit
Narrow klass base: 0x0000000800000000, Narrow klass shift: 3
Compressed class space size: 1073741824 Address: 0x0000000840000000

Heap:
 def new generation   total 2432K, used 1032K [0x00000000f8000000, 0x00000000f82a0000, 0x00000000faaa0000)
  eden space 2176K,  46% used [0x00000000f8000000, 0x00000000f80fd8f0, 0x00000000f8220000)
  from space 256K,   7% used [0x00000000f8260000, 0x00000000f8264a48, 0x00000000f82a0000)
  to   space 256K,   0% used [0x00000000f8220000, 0x00000000f8220000, 0x00000000f8260000)
 tenured generation   total 5504K, used 2493K [0x00000000faaa0000, 0x00000000fb000000, 0x0000000100000000)
   the space 5504K,  45% used [0x00000000faaa0000, 0x00000000fad0f4d8, 0x00000000fad0f600, 0x00000000fb000000)
 Metaspace       used 10411K, capacity 10880K, committed 11136K, reserved 1058816K
  class space    used 1143K, capacity 1389K, committed 1408K, reserved 1048576K

Card table byte_map: [0x00007f31b87af000,0x00007f31b87f0000] _byte_map_base: 0x00007f31b7fef000

Polling page: 0x00007f31b890d000

Metaspace:

Usage:
  Non-class:      9.27 MB capacity,     9.05 MB ( 98%) used,   169.79 KB (  2%) free+waste,    52.81 KB ( <1%) overhead. 
      Class:      1.36 MB capacity,     1.12 MB ( 82%) used,   216.23 KB ( 16%) free+waste,    29.62 KB (  2%) overhead. 
       Both:     10.62 MB capacity,    10.17 MB ( 96%) used,   386.02 KB (  4%) free+waste,    82.44 KB ( <1%) overhead. 

Virtual space:
  Non-class space:       10.00 MB reserved,       9.50 MB ( 95%) committed 
      Class space:        1.00 GB reserved,       1.38 MB ( <1%) committed 
             Both:        1.01 GB reserved,      10.88 MB (  1%) committed 

Chunk freelists:
   Non-Class:  77.00 KB
       Class:  19.00 KB
        Both:  96.00 KB

MaxMetaspaceSize: unlimited
CompressedClassSpaceSize: 1.00 GB

CodeHeap 'non-profiled nmethods': size=120036Kb used=796Kb max_used=796Kb free=119239Kb
 bounds [0x00007f31a03c9000, 0x00007f31a0639000, 0x00007f31a7902000]
CodeHeap 'profiled nmethods': size=120032Kb used=2624Kb max_used=2818Kb free=117407Kb
 bounds [0x00007f3198e91000, 0x00007f3199161000, 0x00007f31a03c9000]
CodeHeap 'non-nmethods': size=5692Kb used=1249Kb max_used=1281Kb free=4442Kb
 bounds [0x00007f3198902000, 0x00007f3198b72000, 0x00007f3198e91000]
 total_blobs=2228 nmethods=1574 adapters=568
 compilation: enabled
              stopped_count=0, restarted_count=0
 full_count=0

Compilation events (20 events):
Event: 1578.655 Thread 0x00007f31b005d800 1785       3       java.awt.event.InputEvent::<init> (26 bytes)
Event: 1578.655 Thread 0x00007f31b005d800 nmethod 1785 0x00007f3199004610 code [0x00007f31990047e0, 0x00007f31990049f0]
Event: 1578.683 Thread 0x00007f31b005d800 1786       3       jdk.internal.misc.Unsafe::checkSize (32 bytes)
Event: 1578.683 Thread 0x00007f31b005d800 nmethod 1786 0x00007f3199005c10 code [0x00007f3199005de0, 0x00007f3199006080]
Event: 1578.751 Thread 0x00007f31b005b800 1787       4       java.util.concurrent.locks.AbstractQueuedSynchronizer$ConditionObject::signalAll (33 bytes)
Event: 1578.755 Thread 0x00007f31b005b800 nmethod 1787 0x00007f31a048c610 code [0x00007f31a048c7a0, 0x00007f31a048c9b8]
Event: 1578.779 Thread 0x00007f31b005d800 1788       3       sun.awt.X11.XBaseWindow::awtLock (4 bytes)
Event: 1578.779 Thread 0x00007f31b005d800 nmethod 1788 0x00007f319901cc10 code [0x00007f319901ce20, 0x00007f319901d3f0]
Event: 1578.779 Thread 0x00007f31b005d800 1789       3       sun.awt.X11.XBaseWindow::awtUnlock (4 bytes)
Event: 1578.780 Thread 0x00007f31b005d800 nmethod 1789 0x00007f319901a810 code [0x00007f319901a9e0, 0x00007f319901ac80]
Event: 1587.347 Thread 0x00007f31b005b800 1790       4       javax.swing.text.GapContent::getChars (206 bytes)
Event: 1587.351 Thread 0x00007f31b005b800 nmethod 1790 0x00007f31a048cb90 code [0x00007f31a048cd40, 0x00007f31a048cf18]
Event: 1587.351 Thread 0x00007f31b005b800 1791   !   4       javax.swing.text.SegmentCache::releaseSegment (43 bytes)
Event: 1587.370 Thread 0x00007f31b005b800 nmethod 1791 0x00007f31a048d110 code [0x00007f31a048d2e0, 0x00007f31a048d928]
Event: 1596.858 Thread 0x00007f31b005b800 1792       4       sun.java2d.loops.ProcessPath$DrawProcessHandler::PROCESS_LINE (476 bytes)
Event: 1596.872 Thread 0x00007f31b005b800 nmethod 1792 0x00007f31a048dc10 code [0x00007f31a048de20, 0x00007f31a048e840]
Event: 1606.364 Thread 0x00007f31b005b800 1793       4       sun.java2d.SunGraphics2D::getClipBounds (21 bytes)
Event: 1606.371 Thread 0x00007f31b005b800 nmethod 1793 0x00007f31a048ef90 code [0x00007f31a048f140, 0x00007f31a048f398]
Event: 1621.905 Thread 0x00007f31b005b800 1794   !   4       sun.awt.AWTAutoShutdown::notifyThreadBusy (88 bytes)
Event: 1621.915 Thread 0x00007f31b005b800 nmethod 1794 0x00007f31a048f590 code [0x00007f31a048f740, 0x00007f31a048fe68]

GC Heap History (20 events):
Event: 131.156 GC heap before
{Heap before GC invocations=5 (full 0):
 def new generation   total 2432K, used 2396K [0x00000000f8000000, 0x00000000f82a0000, 0x00000000faaa0000)
  eden space 2176K, 100% used [0x00000000f8000000, 0x00000000f8220000, 0x00000000f8220000)
  from space 256K,  86% used [0x00000000f8260000, 0x00000000f8297330, 0x00000000f82a0000)
  to   space 256K,   0% used [0x00000000f8220000, 0x00000000f8220000, 0x00000000f8260000)
 tenured generation   total 5504K, used 2173K [0x00000000faaa0000, 0x00000000fb000000, 0x0000000100000000)
   the space 5504K,  39% used [0x00000000faaa0000, 0x00000000facbf680, 0x00000000facbf800, 0x00000000fb000000)
 Metaspace       used 10151K, capacity 10624K, committed 10880K, reserved 1058816K
  class space    used 1142K, capacity 1389K, committed 1408K, reserved 1048576K
}
Event: 131.159 GC heap after
{Heap after GC invocations=6 (full 0):
 def new generation   total 2432K, used 123K [0x00000000f8000000, 0x00000000f82a0000, 0x00000000faaa0000)
  eden space 2176K,   0% used [0x00000000f8000000, 0x00000000f8000000, 0x00000000f8220000)
  from space 256K,  48% used [0x00000000f8220000, 0x00000000f823eff8, 0x00000000f8260000)
  to   space 256K,   0% used [0x00000000f8260000, 0x00000000f8260000, 0x00000000f82a0000)
 tenured generation   total 5504K, used 2372K [0x00000000faaa0000, 0x00000000fb000000, 0x0000000100000000)
   the space 5504K,  43% used [0x00000000faaa0000, 0x00000000facf1348, 0x00000000facf1400, 0x00000000fb000000)
 Metaspace       used 10151K, capacity 10624K, committed 10880K, reserved 1058816K
  class space    used 1142K, capacity 1389K, committed 1408K, reserved 1048576K
}
Event: 289.351 GC heap before
{Heap before GC invocations=6 (full 0):
 def new generation   total 2432K, used 2299K [0x00000000f8000000, 0x00000000f82a0000, 0x00000000faaa0000)
  eden space 2176K, 100% used [0x00000000f8000000, 0x00000000f8220000, 0x00000000f8220000)
  from space 256K,  48% used [0x00000000f8220000, 0x00000000f823eff8, 0x00000000f8260000)
  to   space 256K,   0% used [0x00000000f8260000, 0x00000000f8260000, 0x00000000f82a0000)
 tenured generation   total 5504K, used 2372K [0x00000000faaa0000, 0x00000000fb000000, 0x0000000100000000)
   the space 5504K,  43% used [0x00000000faaa0000, 0x00000000facf1348, 0x00000000facf1400, 0x00000000fb000000)
 Metaspace       used 10350K, capacity 10816K, committed 11136K, reserved 1058816K
  class space    used 1142K, capacity 1389K, committed 1408K, reserved 1048576K
}
Event: 289.352 GC heap after
{Heap after GC invocations=7 (full 0):
 def new generation   total 2432K, used 126K [0x00000000f8000000, 0x00000000f82a0000, 0x00000000faaa0000)
  eden space 2176K,   0% used [0x00000000f8000000, 0x00000000f8000000, 0x00000000f8220000)
  from space 256K,  49% used [0x00000000f8260000, 0x00000000f827fac8, 0x00000000f82a0000)
  to   space 256K,   0% used [0x00000000f8220000, 0x00000000f8220000, 0x00000000f8260000)
 tenured generation   total 5504K, used 2372K [0x00000000faaa0000, 0x00000000fb000000, 0x0000000100000000)
   the space 5504K,  43% used [0x00000000faaa0000, 0x00000000facf1348, 0x00000000facf1400, 0x00000000fb000000)
 Metaspace       used 10350K, capacity 10816K, committed 11136K, reserved 1058816K
  class space    used 1142K, capacity 1389K, committed 1408K, reserved 1048576K
}
Event: 447.988 GC heap before
{Heap before GC invocations=7 (full 0):
 def new generation   total 2432K, used 2302K [0x00000000f8000000, 0x00000000f82a0000, 0x00000000faaa0000)
  eden space 2176K, 100% used [0x00000000f8000000, 0x00000000f8220000, 0x00000000f8220000)
  from space 256K,  49% used [0x00000000f8260000, 0x00000000f827fac8, 0x00000000f82a0000)
  to   space 256K,   0% used [0x00000000f8220000, 0x00000000f8220000, 0x00000000f8260000)
 tenured generation   total 5504K, used 2372K [0x00000000faaa0000, 0x00000000fb000000, 0x0000000100000000)
   the space 5504K,  43% used [0x00000000faaa0000, 0x00000000facf1348, 0x00000000facf1400, 0x00000000fb000000)
 Metaspace       used 10373K, capacity 10880K, committed 11136K, reserved 1058816K
  class space    used 1142K, capacity 1389K, committed 1408K, reserved 1048576K
}
Event: 447.990 GC heap after
{Heap after GC invocations=8 (full 0):
 def new generation   total 2432K, used 128K [0x00000000f8000000, 0x00000000f82a0000, 0x00000000faaa0000)
  eden space 2176K,   0% used [0x00000000f8000000, 0x00000000f8000000, 0x00000000f8220000)
  from space 256K,  50% used [0x00000000f8220000, 0x00000000f82402b0, 0x00000000f8260000)
  to   space 256K,   0% used [0x00000000f8260000, 0x00000000f8260000, 0x00000000f82a0000)
 tenured generation   total 5504K, used 2372K [0x00000000faaa0000, 0x00000000fb000000, 0x0000000100000000)
   the space 5504K,  43% used [0x00000000faaa0000, 0x00000000facf1348, 0x00000000facf1400, 0x00000000fb000000)
 Metaspace       used 10373K, capacity 10880K, committed 11136K, reserved 1058816K
  class space    used 1142K, capacity 1389K, committed 1408K, reserved 1048576K
}
Event: 607.079 GC heap before
{Heap before GC invocations=8 (full 0):
 def new generation   total 2432K, used 2304K [0x00000000f8000000, 0x00000000f82a0000, 0x00000000faaa0000)
  eden space 2176K, 100% used [0x00000000f8000000, 0x00000000f8220000, 0x00000000f8220000)
  from space 256K,  50% used [0x00000000f8220000, 0x00000000f82402b0, 0x00000000f8260000)
  to   space 256K,   0% used [0x00000000f8260000, 0x00000000f8260000, 0x00000000f82a0000)
 tenured generation   total 5504K, used 2372K [0x00000000faaa0000, 0x00000000fb000000, 0x0000000100000000)
   the space 5504K,  43% used [0x00000000faaa0000, 0x00000000facf1348, 0x00000000facf1400, 0x00000000fb000000)
 Metaspace       used 10374K, capacity 10880K, committed 11136K, reserved 1058816K
  class space    used 1142K, capacity 1389K, committed 1408K, reserved 1048576K
}
Event: 607.080 GC heap after
{Heap after GC invocations=9 (full 0):
 def new generation   total 2432K, used 8K [0x00000000f8000000, 0x00000000f82a0000, 0x00000000faaa0000)
  eden space 2176K,   0% used [0x00000000f8000000, 0x00000000f8000000, 0x00000000f8220000)
  from space 256K,   3% used [0x00000000f8260000, 0x00000000f82620f0, 0x00000000f82a0000)
  to   space 256K,   0% used [0x00000000f8220000, 0x00000000f8220000, 0x00000000f8260000)
 tenured generation   total 5504K, used 2493K [0x00000000faaa0000, 0x00000000fb000000, 0x0000000100000000)
   the space 5504K,  45% used [0x00000000faaa0000, 0x00000000fad0f4d8, 0x00000000fad0f600, 0x00000000fb000000)
 Metaspace       used 10374K, capacity 10880K, committed 11136K, reserved 1058816K
  class space    used 1142K, capacity 1389K, committed 1408K, reserved 1048576K
}
Event: 765.195 GC heap before
{Heap before GC invocations=9 (full 0):
 def new generation   total 2432K, used 2184K [0x00000000f8000000, 0x00000000f82a0000, 0x00000000faaa0000)
  eden space 2176K, 100% used [0x00000000f8000000, 0x00000000f8220000, 0x00000000f8220000)
  from space 256K,   3% used [0x00000000f8260000, 0x00000000f82620f0, 0x00000000f82a0000)
  to   space 256K,   0% used [0x00000000f8220000, 0x00000000f8220000, 0x00000000f8260000)
 tenured generation   total 5504K, used 2493K [0x00000000faaa0000, 0x00000000fb000000, 0x0000000100000000)
   the space 5504K,  45% used [0x00000000faaa0000, 0x00000000fad0f4d8, 0x00000000fad0f600, 0x00000000fb000000)
 Metaspace       used 10374K, capacity 10880K, committed 11136K, reserved 1058816K
  class space    used 1142K, capacity 1389K, committed 1408K, reserved 1048576K
}
Event: 765.196 GC heap after
{Heap after GC invocations=10 (full 0):
 def new generation   total 2432K, used 8K [0x00000000f8000000, 0x00000000f82a0000, 0x00000000faaa0000)
  eden space 2176K,   0% used [0x00000000f8000000, 0x00000000f8000000, 0x00000000f8220000)
  from space 256K,   3% used [0x00000000f8220000, 0x00000000f8222238, 0x00000000f8260000)
  to   space 256K,   0% used [0x00000000f8260000, 0x00000000f8260000, 0x00000000f82a0000)
 tenured generation   total 5504K, used 2493K [0x00000000faaa0000, 0x00000000fb000000, 0x0000000100000000)
   the space 5504K,  45% used [0x00000000faaa0000, 0x00000000fad0f4d8, 0x00000000fad0f600, 0x00000000fb000000)
 Metaspace       used 10374K, capacity 10880K, committed 11136K, reserved 1058816K
  class space    used 1142K, capacity 1389K, committed 1408K, reserved 1048576K
}
Event: 923.909 GC heap before
{Heap before GC invocations=10 (full 0):
 def new generation   total 2432K, used 2184K [0x00000000f8000000, 0x00000000f82a0000, 0x00000000faaa0000)
  eden space 2176K, 100% used [0x00000000f8000000, 0x00000000f8220000, 0x00000000f8220000)
  from space 256K,   3% used [0x00000000f8220000, 0x00000000f8222238, 0x00000000f8260000)
  to   space 256K,   0% used [0x00000000f8260000, 0x00000000f8260000, 0x00000000f82a0000)
 tenured generation   total 5504K, used 2493K [0x00000000faaa0000, 0x00000000fb000000, 0x0000000100000000)
   the space 5504K,  45% used [0x00000000faaa0000, 0x00000000fad0f4d8, 0x00000000fad0f600, 0x00000000fb000000)
 Metaspace       used 10375K, capacity 10880K, committed 11136K, reserved 1058816K
  class space    used 1142K, capacity 1389K, committed 1408K, reserved 1048576K
}
Event: 923.910 GC heap after
{Heap after GC invocations=11 (full 0):
 def new generation   total 2432K, used 9K [0x00000000f8000000, 0x00000000f82a0000, 0x00000000faaa0000)
  eden space 2176K,   0% used [0x00000000f8000000, 0x00000000f8000000, 0x00000000f8220000)
  from space 256K,   3% used [0x00000000f8260000, 0x00000000f8262670, 0x00000000f82a0000)
  to   space 256K,   0% used [0x00000000f8220000, 0x00000000f8220000, 0x00000000f8260000)
 tenured generation   total 5504K, used 2493K [0x00000000faaa0000, 0x00000000fb000000, 0x0000000100000000)
   the space 5504K,  45% used [0x00000000faaa0000, 0x00000000fad0f4d8, 0x00000000fad0f600, 0x00000000fb000000)
 Metaspace       used 10375K, capacity 10880K, committed 11136K, reserved 1058816K
  class space    used 1142K, capacity 1389K, committed 1408K, reserved 1048576K
}
Event: 1085.910 GC heap before
{Heap before GC invocations=11 (full 0):
 def new generation   total 2432K, used 2185K [0x00000000f8000000, 0x00000000f82a0000, 0x00000000faaa0000)
  eden space 2176K, 100% used [0x00000000f8000000, 0x00000000f8220000, 0x00000000f8220000)
  from space 256K,   3% used [0x00000000f8260000, 0x00000000f8262670, 0x00000000f82a0000)
  to   space 256K,   0% used [0x00000000f8220000, 0x00000000f8220000, 0x00000000f8260000)
 tenured generation   total 5504K, used 2493K [0x00000000faaa0000, 0x00000000fb000000, 0x0000000100000000)
   the space 5504K,  45% used [0x00000000faaa0000, 0x00000000fad0f4d8, 0x00000000fad0f600, 0x00000000fb000000)
 Metaspace       used 10375K, capacity 10880K, committed 11136K, reserved 1058816K
  class space    used 1142K, capacity 1389K, committed 1408K, reserved 1048576K
}
Event: 1085.911 GC heap after
{Heap after GC invocations=12 (full 0):
 def new generation   total 2432K, used 11K [0x00000000f8000000, 0x00000000f82a0000, 0x00000000faaa0000)
  eden space 2176K,   0% used [0x00000000f8000000, 0x00000000f8000000, 0x00000000f8220000)
  from space 256K,   4% used [0x00000000f8220000, 0x00000000f8222e78, 0x00000000f8260000)
  to   space 256K,   0% used [0x00000000f8260000, 0x00000000f8260000, 0x00000000f82a0000)
 tenured generation   total 5504K, used 2493K [0x00000000faaa0000, 0x00000000fb000000, 0x0000000100000000)
   the space 5504K,  45% used [0x00000000faaa0000, 0x00000000fad0f4d8, 0x00000000fad0f600, 0x00000000fb000000)
 Metaspace       used 10375K, capacity 10880K, committed 11136K, reserved 1058816K
  class space    used 1142K, capacity 1389K, committed 1408K, reserved 1048576K
}
Event: 1248.059 GC heap before
{Heap before GC invocations=12 (full 0):
 def new generation   total 2432K, used 2187K [0x00000000f8000000, 0x00000000f82a0000, 0x00000000faaa0000)
  eden space 2176K, 100% used [0x00000000f8000000, 0x00000000f8220000, 0x00000000f8220000)
  from space 256K,   4% used [0x00000000f8220000, 0x00000000f8222e78, 0x00000000f8260000)
  to   space 256K,   0% used [0x00000000f8260000, 0x00000000f8260000, 0x00000000f82a0000)
 tenured generation   total 5504K, used 2493K [0x00000000faaa0000, 0x00000000fb000000, 0x0000000100000000)
   the space 5504K,  45% used [0x00000000faaa0000, 0x00000000fad0f4d8, 0x00000000fad0f600, 0x00000000fb000000)
 Metaspace       used 10375K, capacity 10880K, committed 11136K, reserved 1058816K
  class space    used 1142K, capacity 1389K, committed 1408K, reserved 1048576K
}
Event: 1248.060 GC heap after
{Heap after GC invocations=13 (full 0):
 def new generation   total 2432K, used 15K [0x00000000f8000000, 0x00000000f82a0000, 0x00000000faaa0000)
  eden space 2176K,   0% used [0x00000000f8000000, 0x00000000f8000000, 0x00000000f8220000)
  from space 256K,   5% used [0x00000000f8260000, 0x00000000f8263cf8, 0x00000000f82a0000)
  to   space 256K,   0% used [0x00000000f8220000, 0x00000000f8220000, 0x00000000f8260000)
 tenured generation   total 5504K, used 2493K [0x00000000faaa0000, 0x00000000fb000000, 0x0000000100000000)
   the space 5504K,  45% used [0x00000000faaa0000, 0x00000000fad0f4d8, 0x00000000fad0f600, 0x00000000fb000000)
 Metaspace       used 10375K, capacity 10880K, committed 11136K, reserved 1058816K
  class space    used 1142K, capacity 1389K, committed 1408K, reserved 1048576K
}
Event: 1403.692 GC heap before
{Heap before GC invocations=13 (full 0):
 def new generation   total 2432K, used 2191K [0x00000000f8000000, 0x00000000f82a0000, 0x00000000faaa0000)
  eden space 2176K, 100% used [0x00000000f8000000, 0x00000000f8220000, 0x00000000f8220000)
  from space 256K,   5% used [0x00000000f8260000, 0x00000000f8263cf8, 0x00000000f82a0000)
  to   space 256K,   0% used [0x00000000f8220000, 0x00000000f8220000, 0x00000000f8260000)
 tenured generation   total 5504K, used 2493K [0x00000000faaa0000, 0x00000000fb000000, 0x0000000100000000)
   the space 5504K,  45% used [0x00000000faaa0000, 0x00000000fad0f4d8, 0x00000000fad0f600, 0x00000000fb000000)
 Metaspace       used 10384K, capacity 10880K, committed 11136K, reserved 1058816K
  class space    used 1142K, capacity 1389K, committed 1408K, reserved 1048576K
}
Event: 1403.692 GC heap after
{Heap after GC invocations=14 (full 0):
 def new generation   total 2432K, used 19K [0x00000000f8000000, 0x00000000f82a0000, 0x00000000faaa0000)
  eden space 2176K,   0% used [0x00000000f8000000, 0x00000000f8000000, 0x00000000f8220000)
  from space 256K,   7% used [0x00000000f8220000, 0x00000000f8224ed0, 0x00000000f8260000)
  to   space 256K,   0% used [0x00000000f8260000, 0x00000000f8260000, 0x00000000f82a0000)
 tenured generation   total 5504K, used 2493K [0x00000000faaa0000, 0x00000000fb000000, 0x0000000100000000)
   the space 5504K,  45% used [0x00000000faaa0000, 0x00000000fad0f4d8, 0x00000000fad0f600, 0x00000000fb000000)
 Metaspace       used 10384K, capacity 10880K, committed 11136K, reserved 1058816K
  class space    used 1142K, capacity 1389K, committed 1408K, reserved 1048576K
}
Event: 1563.860 GC heap before
{Heap before GC invocations=14 (full 0):
 def new generation   total 2432K, used 2195K [0x00000000f8000000, 0x00000000f82a0000, 0x00000000faaa0000)
  eden space 2176K,  99% used [0x00000000f8000000, 0x00000000f821fff0, 0x00000000f8220000)
  from space 256K,   7% used [0x00000000f8220000, 0x00000000f8224ed0, 0x00000000f8260000)
  to   space 256K,   0% used [0x00000000f8260000, 0x00000000f8260000, 0x00000000f82a0000)
 tenured generation   total 5504K, used 2493K [0x00000000faaa0000, 0x00000000fb000000, 0x0000000100000000)
   the space 5504K,  45% used [0x00000000faaa0000, 0x00000000fad0f4d8, 0x00000000fad0f600, 0x00000000fb000000)
 Metaspace       used 10396K, capacity 10880K, committed 11136K, reserved 1058816K
  class space    used 1142K, capacity 1389K, committed 1408K, reserved 1048576K
}
Event: 1563.862 GC heap after
{Heap after GC invocations=15 (full 0):
 def new generation   total 2432K, used 18K [0x00000000f8000000, 0x00000000f82a0000, 0x00000000faaa0000)
  eden space 2176K,   0% used [0x00000000f8000000, 0x00000000f8000000, 0x00000000f8220000)
  from space 256K,   7% used [0x00000000f8260000, 0x00000000f8264a48, 0x00000000f82a0000)
  to   space 256K,   0% used [0x00000000f8220000, 0x00000000f8220000, 0x00000000f8260000)
 tenured generation   total 5504K, used 2493K [0x00000000faaa0000, 0x00000000fb000000, 0x0000000100000000)
   the space 5504K,  45% used [0x00000000faaa0000, 0x00000000fad0f4d8, 0x00000000fad0f600, 0x00000000fb000000)
 Metaspace       used 10396K, capacity 10880K, committed 11136K, reserved 1058816K
  class space    used 1142K, capacity 1389K, committed 1408K, reserved 1048576K
}

Deoptimization events (20 events):
Event: 1344.575 Thread 0x00007f31b020f000 Uncommon trap: trap_request=0xffffff4d fr.pc=0x00007f31a043a318 relative=0x0000000000000078
Event: 1344.575 Thread 0x00007f31b020f000 Uncommon trap: reason=unstable_if action=reinterpret pc=0x00007f31a043a318 method=javax.swing.JComponent.getClientProperty(Ljava/lang/Object;)Ljava/lang/Object; @ 4 c2
Event: 1344.575 Thread 0x00007f31b020f000 DEOPT PACKING pc=0x00007f31a043a318 sp=0x00007f316e113c20
Event: 1344.575 Thread 0x00007f31b020f000 DEOPT UNPACKING pc=0x00007f31989281a5 sp=0x00007f316e113bc8 mode 2
Event: 1344.575 Thread 0x00007f31b020f000 Uncommon trap: trap_request=0xffffff4d fr.pc=0x00007f31a045509c relative=0x00000000000000dc
Event: 1344.575 Thread 0x00007f31b020f000 Uncommon trap: reason=unstable_if action=reinterpret pc=0x00007f31a045509c method=java.lang.StrictMath.floorOrCeil(DDDD)D @ 115 c2
Event: 1344.575 Thread 0x00007f31b020f000 DEOPT PACKING pc=0x00007f31a045509c sp=0x00007f316e1136c0
Event: 1344.575 Thread 0x00007f31b020f000 DEOPT UNPACKING pc=0x00007f31989281a5 sp=0x00007f316e113618 mode 2
Event: 1344.576 Thread 0x00007f31b020f000 Uncommon trap: trap_request=0xffffff4d fr.pc=0x00007f31a043c884 relative=0x0000000000000184
Event: 1344.576 Thread 0x00007f31b020f000 Uncommon trap: reason=unstable_if action=reinterpret pc=0x00007f31a043c884 method=sun.java2d.loops.ProcessPath.IS_CLIPPED(I)Z @ 6 c2
Event: 1344.576 Thread 0x00007f31b020f000 DEOPT PACKING pc=0x00007f31a043c884 sp=0x00007f316e113830
Event: 1344.576 Thread 0x00007f31b020f000 DEOPT UNPACKING pc=0x00007f31989281a5 sp=0x00007f316e113708 mode 2
Event: 1344.576 Thread 0x00007f31b020f000 Uncommon trap: trap_request=0xffffff4d fr.pc=0x00007f31a046d2a4 relative=0x0000000000000084
Event: 1344.576 Thread 0x00007f31b020f000 Uncommon trap: reason=unstable_if action=reinterpret pc=0x00007f31a046d2a4 method=sun.java2d.xr.DirtyRegion.setDirtyLineRegion(IIII)V @ 2 c2
Event: 1344.576 Thread 0x00007f31b020f000 DEOPT PACKING pc=0x00007f31a046d2a4 sp=0x00007f316e113560
Event: 1344.576 Thread 0x00007f31b020f000 DEOPT UNPACKING pc=0x00007f31989281a5 sp=0x00007f316e113500 mode 2
Event: 1344.576 Thread 0x00007f31b020f000 Uncommon trap: trap_request=0xffffff4d fr.pc=0x00007f31a045f8b8 relative=0x0000000000000e38
Event: 1344.576 Thread 0x00007f31b020f000 Uncommon trap: reason=unstable_if action=reinterpret pc=0x00007f31a045f8b8 method=java.awt.EventQueue.postEvent(Ljava/awt/AWTEvent;I)V @ 6 c2
Event: 1344.576 Thread 0x00007f31b020f000 DEOPT PACKING pc=0x00007f31a045f8b8 sp=0x00007f316e1176e0
Event: 1344.576 Thread 0x00007f31b020f000 DEOPT UNPACKING pc=0x00007f31989281a5 sp=0x00007f316e117640 mode 2

Classes redefined (0 events):
No events

Internal exceptions (20 events):
Event: 6.962 Thread 0x00007f31b0016000 Exception <a 'java/lang/NoSuchMethodError'{0x00000000f8166688}: 'void java.lang.invoke.DirectMethodHandle$Holder.invokeSpecial(java.lang.Object, java.lang.Object)'> (0x00000000f8166688) thrown at [./src/hotspot/share/interpreter/linkResolver.cpp, line 773]
Event: 7.483 Thread 0x00007f31b020f000 Exception <a 'java/lang/NoSuchMethodError'{0x00000000f805eba8}: 'java.lang.Object java.lang.invoke.DirectMethodHandle$Holder.invokeStatic(java.lang.Object, int, java.lang.Object, java.lang.Object, java.lang.Object, java.lang.Object)'> (0x00000000f805eba8) thrown at [./src/hotspot/share/interpreter/linkResolver.cpp, line 773]
Event: 7.483 Thread 0x00007f31b020f000 Exception <a 'java/lang/NoSuchMethodError'{0x00000000f8066108}: 'java.lang.Object java.lang.invoke.DirectMethodHandle$Holder.invokeStatic(java.lang.Object, int, java.lang.Object, java.lang.Object, java.lang.Object)'> (0x00000000f8066108) thrown at [./src/hotspot/share/interpreter/linkResolver.cpp, line 773]
Event: 7.484 Thread 0x00007f31b020f000 Exception <a 'java/lang/NoSuchMethodError'{0x00000000f8069eb0}: 'java.lang.Object java.lang.invoke.DirectMethodHandle$Holder.invokeSpecial(java.lang.Object, java.lang.Object, int, java.lang.Object, java.lang.Object, java.lang.Object)'> (0x00000000f8069eb0) thrown at [./src/hotspot/share/interpreter/linkResolver.cpp, line 773]
Event: 7.493 Thread 0x00007f31b020f000 Exception <a 'java/lang/NoSuchMethodError'{0x00000000f80863c0}: 'java.lang.Object java.lang.invoke.DirectMethodHandle$Holder.invokeStatic(java.lang.Object, int, java.lang.Object)'> (0x00000000f80863c0) thrown at [./src/hotspot/share/interpreter/linkResolver.cpp, line 773]
Event: 7.786 Thread 0x00007f31b020f000 Exception <a 'java/lang/NoSuchMethodError'{0x00000000f81858c8}: 'java.lang.Object java.lang.invoke.Invokers$Holder.linkToTargetMethod(java.lang.Object, int, java.lang.Object)'> (0x00000000f81858c8) thrown at [./src/hotspot/share/interpreter/linkResolver.cpp, line 773]
Event: 7.794 Thread 0x00007f31b020f000 Exception <a 'java/lang/ClassNotFoundException'{0x00000000f818de98}: com/sun/swing/internal/plaf/metal/resources/spi/metalProvider> (0x00000000f818de98) thrown at [./src/hotspot/share/classfile/systemDictionary.cpp, line 231]
Event: 7.815 Thread 0x00007f31b020f000 Exception <a 'java/lang/ClassNotFoundException'{0x00000000f8192890}: com/sun/swing/internal/plaf/basic/resources/spi/basicProvider> (0x00000000f8192890) thrown at [./src/hotspot/share/classfile/systemDictionary.cpp, line 231]
Event: 7.997 Thread 0x00007f31b020f000 Exception <a 'java/lang/NoSuchMethodError'{0x00000000f820b6a8}: 'void java.lang.invoke.DirectMethodHandle$Holder.invokeStaticInit(java.lang.Object)'> (0x00000000f820b6a8) thrown at [./src/hotspot/share/interpreter/linkResolver.cpp, line 773]
Event: 8.057 Thread 0x00007f31b020f000 Exception <a 'java/lang/NoSuchMethodError'{0x00000000f8029fc0}: 'java.lang.Object java.lang.invoke.DirectMethodHandle$Holder.invokeStatic(java.lang.Object, java.lang.Object, java.lang.Object, java.lang.Object, java.lang.Object, java.lang.Object, java.lang.Object, java.lang.Object, java.lang.Object, java.lang.Object, java.lang.Object, java.lang.Object, java.lang.Object, int)'> (0x00000000f8029fc0) thrown at [./src/hotspot/share/interpreter/linkResolver.cpp, line 773]
Event: 8.058 Thread 0x00007f31b020f000 Exception <a 'java/lang/NoSuchMethodError'{0x00000000f8036e40}: 'java.lang.Object java.lang.invoke.DirectMethodHandle$Holder.invokeStatic(java.lang.Object, java.lang.Object, java.lang.Object, java.lang.Object, java.lang.Object, java.lang.Object, java.lang.Object, java.lang.Object, java.lang.Object, java.lang.Object, java.lang.Object, java.lang.Object, java.lang.Object, int, int)'> (0x00000000f8036e40) thrown at [./src/hotspot/share/interpreter/linkResolver.cpp, line 773]
Event: 8.808 Thread 0x00007f31b020f000 Exception <a 'java/lang/NoSuchMethodError'{0x00000000f81935c8}: 'java.lang.Object java.lang.invoke.DirectMethodHandle$Holder.invokeSpecial(java.lang.Object, java.lang.Object, int, int, java.lang.Object, java.lang.Object, java.lang.Object, java.lang.Object, java.lang.Object)'> (0x00000000f81935c8) thrown at [./src/hotspot/share/interpreter/linkResolver.cpp, line 773]
Event: 8.809 Thread 0x00007f31b020f000 Exception <a 'java/lang/NoSuchMethodError'{0x00000000f8197498}: 'java.lang.Object java.lang.invoke.DelegatingMethodHandle$Holder.reinvoke_L(java.lang.Object, int, int, java.lang.Object, java.lang.Object, java.lang.Object, java.lang.Object, java.lang.Object)'> (0x00000000f8197498) thrown at [./src/hotspot/share/interpreter/linkResolver.cpp, line 773]
Event: 8.982 Thread 0x00007f31b020f000 Exception <a 'java/lang/NoSuchMethodError'{0x00000000f8021ac0}: 'java.lang.Object java.lang.invoke.Invokers$Holder.linkToTargetMethod(java.lang.Object, java.lang.Object, java.lang.Object, java.lang.Object, java.lang.Object, java.lang.Object)'> (0x00000000f8021ac0) thrown at [./src/hotspot/share/interpreter/linkResolver.cpp, line 773]
Event: 8.999 Thread 0x00007f31b020f000 Exception <a 'java/lang/NoSuchMethodError'{0x00000000f80909c8}: 'java.lang.Object java.lang.invoke.DirectMethodHandle$Holder.invokeSpecial(java.lang.Object, java.lang.Object, int, int, java.lang.Object, java.lang.Object, java.lang.Object, java.lang.Object)'> (0x00000000f80909c8) thrown at [./src/hotspot/share/interpreter/linkResolver.cpp, line 773]
Event: 9.000 Thread 0x00007f31b020f000 Exception <a 'java/lang/NoSuchMethodError'{0x00000000f8094640}: 'java.lang.Object java.lang.invoke.DelegatingMethodHandle$Holder.reinvoke_L(java.lang.Object, int, int, java.lang.Object, java.lang.Object, java.lang.Object, java.lang.Object)'> (0x00000000f8094640) thrown at [./src/hotspot/share/interpreter/linkResolver.cpp, line 773]
Event: 9.305 Thread 0x00007f31b020f000 Exception <a 'java/lang/NoSuchMethodError'{0x00000000f81ec8f0}: 'java.lang.Object java.lang.invoke.DirectMethodHandle$Holder.invokeStatic(java.lang.Object, java.lang.Object, java.lang.Object, java.lang.Object, java.lang.Object, java.lang.Object, java.lang.Object, java.lang.Object, java.lang.Object, java.lang.Object, java.lang.Object, int)'> (0x00000000f81ec8f0) thrown at [./src/hotspot/share/interpreter/linkResolver.cpp, line 773]
Event: 9.384 Thread 0x00007f31b020f000 Exception <a 'java/lang/NoSuchMethodError'{0x00000000f820b1d0}: 'java.lang.Object java.lang.invoke.DirectMethodHandle$Holder.invokeStatic(java.lang.Object, java.lang.Object, java.lang.Object, java.lang.Object, java.lang.Object, java.lang.Object, java.lang.Object, java.lang.Object, java.lang.Object, java.lang.Object, java.lang.Object, int, int)'> (0x00000000f820b1d0) thrown at [./src/hotspot/share/interpreter/linkResolver.cpp, line 773]
Event: 9.392 Thread 0x00007f31b020f000 Exception <a 'java/lang/NoSuchMethodError'{0x00000000f800a928}: 'java.lang.Object java.lang.invoke.DirectMethodHandle$Holder.invokeStatic(java.lang.Object, java.lang.Object, java.lang.Object, java.lang.Object, java.lang.Object, java.lang.Object, java.lang.Object, java.lang.Object, java.lang.Object, java.lang.Object, java.lang.Object, int, int, java.lang.Object)'> (0x00000000f800a928) thrown at [./src/hotspot/share/interpreter/linkResolver.cpp, line 773]
Event: 9.402 Thread 0x00007f31b020f000 Exception <a 'java/lang/NoSuchMethodError'{0x00000000f802aec8}: 'java.lang.Object java.lang.invoke.DirectMethodHandle$Holder.invokeStatic(java.lang.Object, java.lang.Object, java.lang.Object, java.lang.Object, java.lang.Object, java.lang.Object, java.lang.Object, java.lang.Object, java.lang.Object, java.lang.Object, java.lang.Object, int, int, java.lang.Object, java.lang.Object)'> (0x00000000f802aec8) thrown at [./src/hotspot/share/interpreter/linkResolver.cpp, line 773]

Events (20 events):
Event: 1563.860 Executing VM operation: GenCollectForAllocation
Event: 1563.862 Executing VM operation: GenCollectForAllocation done
Event: 1565.352 Thread 0x00007f31b005f800 flushing nmethod 0x00007f3199081390
Event: 1621.920 Thread 0x00007f31b005f800 flushing nmethod 0x00007f3199081810
Event: 1621.920 Thread 0x00007f31b005f800 flushing nmethod 0x00007f3199084c10
Event: 1628.417 loading class jdk/internal/misc/Signal$1
Event: 1628.417 loading class jdk/internal/misc/Signal$1 done
Event: 1628.418 Thread 0x00007f3184001000 Thread added: 0x00007f3184001000
Event: 1628.419 Protecting memory [0x00007f316dc16000,0x00007f316dc1a000] with protection modes 0
Event: 1628.419 Executing VM operation: RevokeBias
Event: 1628.422 Thread 0x00007f3184003000 Thread added: 0x00007f3184003000
Event: 1628.434 Protecting memory [0x00007f31afeff000,0x00007f31aff03000] with protection modes 0
Event: 1628.435 Executing VM operation: RevokeBias done
Event: 1628.436 Executing VM operation: RevokeBias
Event: 1628.436 Executing VM operation: RevokeBias done
Event: 1628.436 Executing VM operation: RevokeBias
Event: 1628.436 Executing VM operation: RevokeBias done
Event: 1628.438 Thread 0x00007f3144001000 Thread added: 0x00007f3144001000
Event: 1628.438 Protecting memory [0x00007f31afdfe000,0x00007f31afe02000] with protection modes 0
Event: 1628.438 loading class sun/awt/X11/XSystemTrayPeer


Dynamic libraries:
f8000000-f82a0000 rw-p 00000000 00:00 0 
f82a0000-faaa0000 ---p 00000000 00:00 0 
faaa0000-fb000000 rw-p 00000000 00:00 0 
fb000000-100000000 ---p 00000000 00:00 0 
800000000-800002000 rwxp 00001000 08:01 3364015                          /usr/lib/jvm/java-11-openjdk-amd64/lib/server/classes.jsa
800002000-8003b8000 rw-p 00003000 08:01 3364015                          /usr/lib/jvm/java-11-openjdk-amd64/lib/server/classes.jsa
8003b8000-800a93000 r--p 003b9000 08:01 3364015                          /usr/lib/jvm/java-11-openjdk-amd64/lib/server/classes.jsa
800a93000-800a94000 rw-p 00a94000 08:01 3364015                          /usr/lib/jvm/java-11-openjdk-amd64/lib/server/classes.jsa
800a94000-8010a0000 r--p 00a95000 08:01 3364015                          /usr/lib/jvm/java-11-openjdk-amd64/lib/server/classes.jsa
840000000-840160000 rw-p 00000000 00:00 0 
840160000-880000000 ---p 00000000 00:00 0 
55d156fbe000-55d156fbf000 r-xp 00000000 08:01 3363647                    /usr/lib/jvm/java-11-openjdk-amd64/bin/java
55d1571bf000-55d1571c0000 r--p 00001000 08:01 3363647                    /usr/lib/jvm/java-11-openjdk-amd64/bin/java
55d1571c0000-55d1571c1000 rw-p 00002000 08:01 3363647                    /usr/lib/jvm/java-11-openjdk-amd64/bin/java
55d158462000-55d158483000 rw-p 00000000 00:00 0                          [heap]
7f3144000000-7f3144021000 rw-p 00000000 00:00 0 
7f3144021000-7f3148000000 ---p 00000000 00:00 0 
7f3148000000-7f3148021000 rw-p 00000000 00:00 0 
7f3148021000-7f314c000000 ---p 00000000 00:00 0 
7f314c000000-7f314c359000 rw-p 00000000 00:00 0 
7f314c359000-7f3150000000 ---p 00000000 00:00 0 
7f3150000000-7f3150021000 rw-p 00000000 00:00 0 
7f3150021000-7f3154000000 ---p 00000000 00:00 0 
7f3154000000-7f3154021000 rw-p 00000000 00:00 0 
7f3154021000-7f3158000000 ---p 00000000 00:00 0 
7f3158000000-7f3158021000 rw-p 00000000 00:00 0 
7f3158021000-7f315c000000 ---p 00000000 00:00 0 
7f315c000000-7f315c021000 rw-p 00000000 00:00 0 
7f315c021000-7f3160000000 ---p 00000000 00:00 0 
7f3160000000-7f3160021000 rw-p 00000000 00:00 0 
7f3160021000-7f3164000000 ---p 00000000 00:00 0 
7f3164000000-7f3164021000 rw-p 00000000 00:00 0 
7f3164021000-7f3168000000 ---p 00000000 00:00 0 
7f3168000000-7f3168021000 rw-p 00000000 00:00 0 
7f3168021000-7f316c000000 ---p 00000000 00:00 0 
7f316dc16000-7f316dc1a000 ---p 00000000 00:00 0 
7f316dc1a000-7f316dd17000 rw-p 00000000 00:00 0 
7f316dd17000-7f316dd1b000 ---p 00000000 00:00 0 
7f316dd1b000-7f316df98000 rw-p 00000000 00:00 0 
7f316df98000-7f316e018000 ---p 00000000 00:00 0 
7f316e018000-7f316e01c000 ---p 00000000 00:00 0 
7f316e01c000-7f316e119000 rw-p 00000000 00:00 0 
7f316e119000-7f316e11d000 ---p 00000000 00:00 0 
7f316e11d000-7f316e21a000 rw-p 00000000 00:00 0 
7f316e21a000-7f316e21e000 ---p 00000000 00:00 0 
7f316e21e000-7f316e31b000 rw-p 00000000 00:00 0 
7f316e31b000-7f316e320000 r-xp 00000000 08:01 2586964                    /usr/lib/x86_64-linux-gnu/libXfixes.so.3.1.0
7f316e320000-7f316e51f000 ---p 00005000 08:01 2586964                    /usr/lib/x86_64-linux-gnu/libXfixes.so.3.1.0
7f316e51f000-7f316e520000 r--p 00004000 08:01 2586964                    /usr/lib/x86_64-linux-gnu/libXfixes.so.3.1.0
7f316e520000-7f316e521000 rw-p 00005000 08:01 2586964                    /usr/lib/x86_64-linux-gnu/libXfixes.so.3.1.0
7f316e521000-7f316e52a000 r-xp 00000000 08:01 2586956                    /usr/lib/x86_64-linux-gnu/libXcursor.so.1.0.2
7f316e52a000-7f316e729000 ---p 00009000 08:01 2586956                    /usr/lib/x86_64-linux-gnu/libXcursor.so.1.0.2
7f316e729000-7f316e72a000 r--p 00008000 08:01 2586956                    /usr/lib/x86_64-linux-gnu/libXcursor.so.1.0.2
7f316e72a000-7f316e72b000 rw-p 00009000 08:01 2586956                    /usr/lib/x86_64-linux-gnu/libXcursor.so.1.0.2
7f316e72b000-7f316e72c000 ---p 00000000 00:00 0 
7f316e72c000-7f316ef2c000 rw-p 00000000 00:00 0 
7f316ef2c000-7f316ef2d000 ---p 00000000 00:00 0 
7f316ef2d000-7f316f72d000 rw-p 00000000 00:00 0 
7f316f72d000-7f316f739000 r-xp 00000000 08:01 2586710                    /usr/lib/x86_64-linux-gnu/gio/modules/libdconfsettings.so
7f316f739000-7f316f938000 ---p 0000c000 08:01 2586710                    /usr/lib/x86_64-linux-gnu/gio/modules/libdconfsettings.so
7f316f938000-7f316f939000 r--p 0000b000 08:01 2586710                    /usr/lib/x86_64-linux-gnu/gio/modules/libdconfsettings.so
7f316f939000-7f316f93a000 rw-p 0000c000 08:01 2586710                    /usr/lib/x86_64-linux-gnu/gio/modules/libdconfsettings.so
7f316f93a000-7f316f940000 r-xp 00000000 08:01 2072953                    /lib/x86_64-linux-gnu/libuuid.so.1.3.0
7f316f940000-7f316fb3f000 ---p 00006000 08:01 2072953                    /lib/x86_64-linux-gnu/libuuid.so.1.3.0
7f316fb3f000-7f316fb40000 r--p 00005000 08:01 2072953                    /lib/x86_64-linux-gnu/libuuid.so.1.3.0
7f316fb40000-7f316fb41000 rw-p 00006000 08:01 2072953                    /lib/x86_64-linux-gnu/libuuid.so.1.3.0
7f316fb41000-7f316fb88000 r-xp 00000000 08:01 2072863                    /lib/x86_64-linux-gnu/libblkid.so.1.1.0
7f316fb88000-7f316fd88000 ---p 00047000 08:01 2072863                    /lib/x86_64-linux-gnu/libblkid.so.1.1.0
7f316fd88000-7f316fd8c000 r--p 00047000 08:01 2072863                    /lib/x86_64-linux-gnu/libblkid.so.1.1.0
7f316fd8c000-7f316fd8d000 rw-p 0004b000 08:01 2072863                    /lib/x86_64-linux-gnu/libblkid.so.1.1.0
7f316fd8d000-7f316fd8e000 rw-p 00000000 00:00 0 
7f316fd8e000-7f316fdfe000 r-xp 00000000 08:01 2072925                    /lib/x86_64-linux-gnu/libpcre.so.3.13.3
7f316fdfe000-7f316fffe000 ---p 00070000 08:01 2072925                    /lib/x86_64-linux-gnu/libpcre.so.3.13.3
7f316fffe000-7f316ffff000 r--p 00070000 08:01 2072925                    /lib/x86_64-linux-gnu/libpcre.so.3.13.3
7f316ffff000-7f3170000000 rw-p 00071000 08:01 2072925                    /lib/x86_64-linux-gnu/libpcre.so.3.13.3
7f3170000000-7f3170021000 rw-p 00000000 00:00 0 
7f3170021000-7f3174000000 ---p 00000000 00:00 0 
7f3174000000-7f3174021000 rw-p 00000000 00:00 0 
7f3174021000-7f3178000000 ---p 00000000 00:00 0 
7f3178000000-7f3178021000 rw-p 00000000 00:00 0 
7f3178021000-7f317c000000 ---p 00000000 00:00 0 
7f317c000000-7f317c2eb000 rw-p 00000000 00:00 0 
7f317c2eb000-7f3180000000 ---p 00000000 00:00 0 
7f3180017000-7f318001b000 ---p 00000000 00:00 0 
7f318001b000-7f3180118000 rw-p 00000000 00:00 0 
7f3180118000-7f318011f000 r-xp 00000000 08:01 2073634                    /usr/lib/x86_64-linux-gnu/libffi.so.6.0.4
7f318011f000-7f318031e000 ---p 00007000 08:01 2073634                    /usr/lib/x86_64-linux-gnu/libffi.so.6.0.4
7f318031e000-7f318031f000 r--p 00006000 08:01 2073634                    /usr/lib/x86_64-linux-gnu/libffi.so.6.0.4
7f318031f000-7f3180320000 rw-p 00007000 08:01 2073634                    /usr/lib/x86_64-linux-gnu/libffi.so.6.0.4
7f3180320000-7f3180371000 r-xp 00000000 08:01 2072896                    /lib/x86_64-linux-gnu/libmount.so.1.1.0
7f3180371000-7f3180570000 ---p 00051000 08:01 2072896                    /lib/x86_64-linux-gnu/libmount.so.1.1.0
7f3180570000-7f3180572000 r--p 00050000 08:01 2072896                    /lib/x86_64-linux-gnu/libmount.so.1.1.0
7f3180572000-7f3180573000 rw-p 00052000 08:01 2072896                    /lib/x86_64-linux-gnu/libmount.so.1.1.0
7f3180573000-7f3180574000 rw-p 00000000 00:00 0 
7f3180574000-7f318058b000 r-xp 00000000 08:01 2072930                    /lib/x86_64-linux-gnu/libresolv-2.27.so
7f318058b000-7f318078b000 ---p 00017000 08:01 2072930                    /lib/x86_64-linux-gnu/libresolv-2.27.so
7f318078b000-7f318078c000 r--p 00017000 08:01 2072930                    /lib/x86_64-linux-gnu/libresolv-2.27.so
7f318078c000-7f318078d000 rw-p 00018000 08:01 2072930                    /lib/x86_64-linux-gnu/libresolv-2.27.so
7f318078d000-7f318078f000 rw-p 00000000 00:00 0 
7f318078f000-7f31807b4000 r-xp 00000000 08:01 2072936                    /lib/x86_64-linux-gnu/libselinux.so.1
7f31807b4000-7f31809b3000 ---p 00025000 08:01 2072936                    /lib/x86_64-linux-gnu/libselinux.so.1
7f31809b3000-7f31809b4000 r--p 00024000 08:01 2072936                    /lib/x86_64-linux-gnu/libselinux.so.1
7f31809b4000-7f31809b5000 rw-p 00025000 08:01 2072936                    /lib/x86_64-linux-gnu/libselinux.so.1
7f31809b5000-7f31809b7000 rw-p 00000000 00:00 0 
7f31809b7000-7f3180acb000 r-xp 00000000 08:01 2587340                    /usr/lib/x86_64-linux-gnu/libglib-2.0.so.0.5600.4
7f3180acb000-7f3180ccb000 ---p 00114000 08:01 2587340                    /usr/lib/x86_64-linux-gnu/libglib-2.0.so.0.5600.4
7f3180ccb000-7f3180ccc000 r--p 00114000 08:01 2587340                    /usr/lib/x86_64-linux-gnu/libglib-2.0.so.0.5600.4
7f3180ccc000-7f3180ccd000 rw-p 00115000 08:01 2587340                    /usr/lib/x86_64-linux-gnu/libglib-2.0.so.0.5600.4
7f3180ccd000-7f3180cce000 rw-p 00000000 00:00 0 
7f3180cce000-7f3180cd1000 r-xp 00000000 08:01 2587346                    /usr/lib/x86_64-linux-gnu/libgmodule-2.0.so.0.5600.4
7f3180cd1000-7f3180ed0000 ---p 00003000 08:01 2587346                    /usr/lib/x86_64-linux-gnu/libgmodule-2.0.so.0.5600.4
7f3180ed0000-7f3180ed1000 r--p 00002000 08:01 2587346                    /usr/lib/x86_64-linux-gnu/libgmodule-2.0.so.0.5600.4
7f3180ed1000-7f3180ed2000 rw-p 00003000 08:01 2587346                    /usr/lib/x86_64-linux-gnu/libgmodule-2.0.so.0.5600.4
7f3180ed2000-7f3180f24000 r-xp 00000000 08:01 2587350                    /usr/lib/x86_64-linux-gnu/libgobject-2.0.so.0.5600.4
7f3180f24000-7f3181124000 ---p 00052000 08:01 2587350                    /usr/lib/x86_64-linux-gnu/libgobject-2.0.so.0.5600.4
7f3181124000-7f3181125000 r--p 00052000 08:01 2587350                    /usr/lib/x86_64-linux-gnu/libgobject-2.0.so.0.5600.4
7f3181125000-7f3181126000 rw-p 00053000 08:01 2587350                    /usr/lib/x86_64-linux-gnu/libgobject-2.0.so.0.5600.4
7f3181126000-7f31812bb000 r-xp 00000000 08:01 2587332                    /usr/lib/x86_64-linux-gnu/libgio-2.0.so.0.5600.4
7f31812bb000-7f31814bb000 ---p 00195000 08:01 2587332                    /usr/lib/x86_64-linux-gnu/libgio-2.0.so.0.5600.4
7f31814bb000-7f31814c2000 r--p 00195000 08:01 2587332                    /usr/lib/x86_64-linux-gnu/libgio-2.0.so.0.5600.4
7f31814c2000-7f31814c3000 rw-p 0019c000 08:01 2587332                    /usr/lib/x86_64-linux-gnu/libgio-2.0.so.0.5600.4
7f31814c3000-7f31814c5000 rw-p 00000000 00:00 0 
7f31814c5000-7f31814cf000 r-xp 00000000 08:01 2586980                    /usr/lib/x86_64-linux-gnu/libXrandr.so.2.2.0
7f31814cf000-7f31816ce000 ---p 0000a000 08:01 2586980                    /usr/lib/x86_64-linux-gnu/libXrandr.so.2.2.0
7f31816ce000-7f31816cf000 r--p 00009000 08:01 2586980                    /usr/lib/x86_64-linux-gnu/libXrandr.so.2.2.0
7f31816cf000-7f31816d0000 rw-p 0000a000 08:01 2586980                    /usr/lib/x86_64-linux-gnu/libXrandr.so.2.2.0
7f31816d0000-7f3181701000 r-xp 00000000 08:01 2587639                    /usr/lib/x86_64-linux-gnu/libpng16.so.16.34.0
7f3181701000-7f3181900000 ---p 00031000 08:01 2587639                    /usr/lib/x86_64-linux-gnu/libpng16.so.16.34.0
7f3181900000-7f3181901000 r--p 00030000 08:01 2587639                    /usr/lib/x86_64-linux-gnu/libpng16.so.16.34.0
7f3181901000-7f3181902000 rw-p 00031000 08:01 2587639                    /usr/lib/x86_64-linux-gnu/libpng16.so.16.34.0
7f3181902000-7f31819af000 r-xp 00000000 08:01 2587313                    /usr/lib/x86_64-linux-gnu/libfreetype.so.6.15.0
7f31819af000-7f3181bae000 ---p 000ad000 08:01 2587313                    /usr/lib/x86_64-linux-gnu/libfreetype.so.6.15.0
7f3181bae000-7f3181bb5000 r--p 000ac000 08:01 2587313                    /usr/lib/x86_64-linux-gnu/libfreetype.so.6.15.0
7f3181bb5000-7f3181bb6000 rw-p 000b3000 08:01 2587313                    /usr/lib/x86_64-linux-gnu/libfreetype.so.6.15.0
7f3181bb6000-7f3181cea000 r-xp 00000000 08:01 3363976                    /usr/lib/jvm/java-11-openjdk-amd64/lib/libfontmanager.so
7f3181cea000-7f3181eea000 ---p 00134000 08:01 3363976                    /usr/lib/jvm/java-11-openjdk-amd64/lib/libfontmanager.so
7f3181eea000-7f3181eeb000 r--p 00134000 08:01 3363976                    /usr/lib/jvm/java-11-openjdk-amd64/lib/libfontmanager.so
7f3181eeb000-7f3181eec000 rw-p 00135000 08:01 3363976                    /usr/lib/jvm/java-11-openjdk-amd64/lib/libfontmanager.so
7f3181eec000-7f3181eef000 rw-p 00000000 00:00 0 
7f3181eef000-7f3181f02000 r-xp 00000000 08:01 2324045                    /lib/x86_64-linux-gnu/libbsd.so.0.8.7
7f3181f02000-7f3182101000 ---p 00013000 08:01 2324045                    /lib/x86_64-linux-gnu/libbsd.so.0.8.7
7f3182101000-7f3182102000 r--p 00012000 08:01 2324045                    /lib/x86_64-linux-gnu/libbsd.so.0.8.7
7f3182102000-7f3182103000 rw-p 00013000 08:01 2324045                    /lib/x86_64-linux-gnu/libbsd.so.0.8.7
7f3182103000-7f3182104000 rw-p 00000000 00:00 0 
7f3182104000-7f3182109000 r-xp 00000000 08:01 2586960                    /usr/lib/x86_64-linux-gnu/libXdmcp.so.6.0.0
7f3182109000-7f3182308000 ---p 00005000 08:01 2586960                    /usr/lib/x86_64-linux-gnu/libXdmcp.so.6.0.0
7f3182308000-7f3182309000 r--p 00004000 08:01 2586960                    /usr/lib/x86_64-linux-gnu/libXdmcp.so.6.0.0
7f3182309000-7f318230a000 rw-p 00005000 08:01 2586960                    /usr/lib/x86_64-linux-gnu/libXdmcp.so.6.0.0
7f318230a000-7f318230c000 r-xp 00000000 08:01 2586949                    /usr/lib/x86_64-linux-gnu/libXau.so.6.0.0
7f318230c000-7f318250c000 ---p 00002000 08:01 2586949                    /usr/lib/x86_64-linux-gnu/libXau.so.6.0.0
7f318250c000-7f318250d000 r--p 00002000 08:01 2586949                    /usr/lib/x86_64-linux-gnu/libXau.so.6.0.0
7f318250d000-7f318250e000 rw-p 00003000 08:01 2586949                    /usr/lib/x86_64-linux-gnu/libXau.so.6.0.0
7f318250e000-7f3182534000 r-xp 00000000 08:01 2587842                    /usr/lib/x86_64-linux-gnu/libxcb.so.1.1.0
7f3182534000-7f3182734000 ---p 00026000 08:01 2587842                    /usr/lib/x86_64-linux-gnu/libxcb.so.1.1.0
7f3182734000-7f3182735000 r--p 00026000 08:01 2587842                    /usr/lib/x86_64-linux-gnu/libxcb.so.1.1.0
7f3182735000-7f3182736000 rw-p 00027000 08:01 2587842                    /usr/lib/x86_64-linux-gnu/libxcb.so.1.1.0
7f3182736000-7f3182745000 r-xp 00000000 08:01 2586970                    /usr/lib/x86_64-linux-gnu/libXi.so.6.1.0
7f3182745000-7f3182944000 ---p 0000f000 08:01 2586970                    /usr/lib/x86_64-linux-gnu/libXi.so.6.1.0
7f3182944000-7f3182945000 r--p 0000e000 08:01 2586970                    /usr/lib/x86_64-linux-gnu/libXi.so.6.1.0
7f3182945000-7f3182946000 rw-p 0000f000 08:01 2586970                    /usr/lib/x86_64-linux-gnu/libXi.so.6.1.0
7f3182946000-7f318294b000 r-xp 00000000 08:01 2586988                    /usr/lib/x86_64-linux-gnu/libXtst.so.6.1.0
7f318294b000-7f3182b4a000 ---p 00005000 08:01 2586988                    /usr/lib/x86_64-linux-gnu/libXtst.so.6.1.0
7f3182b4a000-7f3182b4b000 r--p 00004000 08:01 2586988                    /usr/lib/x86_64-linux-gnu/libXtst.so.6.1.0
7f3182b4b000-7f3182b4c000 rw-p 00005000 08:01 2586988                    /usr/lib/x86_64-linux-gnu/libXtst.so.6.1.0
7f3182b4c000-7f3182b55000 r-xp 00000000 08:01 2586982                    /usr/lib/x86_64-linux-gnu/libXrender.so.1.3.0
7f3182b55000-7f3182d54000 ---p 00009000 08:01 2586982                    /usr/lib/x86_64-linux-gnu/libXrender.so.1.3.0
7f3182d54000-7f3182d55000 r--p 00008000 08:01 2586982                    /usr/lib/x86_64-linux-gnu/libXrender.so.1.3.0
7f3182d55000-7f3182d56000 rw-p 00009000 08:01 2586982                    /usr/lib/x86_64-linux-gnu/libXrender.so.1.3.0
7f3182d56000-7f3182e89000 r-xp 00000000 08:01 2586947                    /usr/lib/x86_64-linux-gnu/libX11.so.6.3.0
7f3182e89000-7f3183089000 ---p 00133000 08:01 2586947                    /usr/lib/x86_64-linux-gnu/libX11.so.6.3.0
7f3183089000-7f318308a000 r--p 00133000 08:01 2586947                    /usr/lib/x86_64-linux-gnu/libX11.so.6.3.0
7f318308a000-7f318308e000 rw-p 00134000 08:01 2586947                    /usr/lib/x86_64-linux-gnu/libX11.so.6.3.0
7f318308e000-7f318309f000 r-xp 00000000 08:01 2586962                    /usr/lib/x86_64-linux-gnu/libXext.so.6.4.0
7f318309f000-7f318329e000 ---p 00011000 08:01 2586962                    /usr/lib/x86_64-linux-gnu/libXext.so.6.4.0
7f318329e000-7f318329f000 r--p 00010000 08:01 2586962                    /usr/lib/x86_64-linux-gnu/libXext.so.6.4.0
7f318329f000-7f31832a0000 rw-p 00011000 08:01 2586962                    /usr/lib/x86_64-linux-gnu/libXext.so.6.4.0
7f31832a0000-7f31832ff000 r-xp 00000000 08:01 3363973                    /usr/lib/jvm/java-11-openjdk-amd64/lib/libawt_xawt.so
7f31832ff000-7f31834ff000 ---p 0005f000 08:01 3363973                    /usr/lib/jvm/java-11-openjdk-amd64/lib/libawt_xawt.so
7f31834ff000-7f3183500000 r--p 0005f000 08:01 3363973                    /usr/lib/jvm/java-11-openjdk-amd64/lib/libawt_xawt.so
7f3183500000-7f3183502000 rw-p 00060000 08:01 3363973                    /usr/lib/jvm/java-11-openjdk-amd64/lib/libawt_xawt.so
7f3183502000-7f3183504000 rw-p 00000000 00:00 0 
7f3183504000-7f31835a2000 r-xp 00000000 08:01 3363971                    /usr/lib/jvm/java-11-openjdk-amd64/lib/libawt.so
7f31835a2000-7f31837a2000 ---p 0009e000 08:01 3363971                    /usr/lib/jvm/java-11-openjdk-amd64/lib/libawt.so
7f31837a2000-7f31837a3000 r--p 0009e000 08:01 3363971                    /usr/lib/jvm/java-11-openjdk-amd64/lib/libawt.so
7f31837a3000-7f31837ae000 rw-p 0009f000 08:01 3363971                    /usr/lib/jvm/java-11-openjdk-amd64/lib/libawt.so
7f31837ae000-7f31837d3000 rw-p 00000000 00:00 0 
7f31837d3000-7f31837e9000 r-xp 00000000 08:01 3363994                    /usr/lib/jvm/java-11-openjdk-amd64/lib/libnet.so
7f31837e9000-7f31839e8000 ---p 00016000 08:01 3363994                    /usr/lib/jvm/java-11-openjdk-amd64/lib/libnet.so
7f31839e8000-7f31839e9000 r--p 00015000 08:01 3363994                    /usr/lib/jvm/java-11-openjdk-amd64/lib/libnet.so
7f31839e9000-7f31839ea000 rw-p 00016000 08:01 3363994                    /usr/lib/jvm/java-11-openjdk-amd64/lib/libnet.so
7f31839ea000-7f31839fa000 r-xp 00000000 08:01 3363995                    /usr/lib/jvm/java-11-openjdk-amd64/lib/libnio.so
7f31839fa000-7f3183bf9000 ---p 00010000 08:01 3363995                    /usr/lib/jvm/java-11-openjdk-amd64/lib/libnio.so
7f3183bf9000-7f3183bfa000 r--p 0000f000 08:01 3363995                    /usr/lib/jvm/java-11-openjdk-amd64/lib/libnio.so
7f3183bfa000-7f3183bfb000 rw-p 00010000 08:01 3363995                    /usr/lib/jvm/java-11-openjdk-amd64/lib/libnio.so
7f3183bfb000-7f3183bff000 ---p 00000000 00:00 0 
7f3183bff000-7f3183cfc000 rw-p 00000000 00:00 0 
7f3183cfc000-7f3183cfd000 ---p 00000000 00:00 0 
7f3183cfd000-7f3183dfe000 rw-p 00000000 00:00 0 
7f3183dfe000-7f3183e02000 ---p 00000000 00:00 0 
7f3183e02000-7f3183eff000 rw-p 00000000 00:00 0 
7f3183eff000-7f3183f03000 ---p 00000000 00:00 0 
7f3183f03000-7f3184000000 rw-p 00000000 00:00 0 
7f3184000000-7f3184021000 rw-p 00000000 00:00 0 
7f3184021000-7f3188000000 ---p 00000000 00:00 0 
7f3188000000-7f3189649000 rw-p 00000000 00:00 0 
7f3189649000-7f318c000000 ---p 00000000 00:00 0 
7f318c000000-7f318c021000 rw-p 00000000 00:00 0 
7f318c021000-7f3190000000 ---p 00000000 00:00 0 
7f3190000000-7f3190021000 rw-p 00000000 00:00 0 
7f3190021000-7f3194000000 ---p 00000000 00:00 0 
7f3194000000-7f3194024000 rw-p 00000000 00:00 0 
7f3194024000-7f3198000000 ---p 00000000 00:00 0 
7f31980df000-7f31980e3000 ---p 00000000 00:00 0 
7f31980e3000-7f31981e0000 rw-p 00000000 00:00 0 
7f31981e0000-7f31981e4000 ---p 00000000 00:00 0 
7f31981e4000-7f31982e1000 rw-p 00000000 00:00 0 
7f31982e1000-7f31982e5000 ---p 00000000 00:00 0 
7f31982e5000-7f31983e2000 rw-p 00000000 00:00 0 
7f31983e2000-7f319857d000 r--p 00000000 08:01 2582992                    /usr/lib/locale/locale-archive
7f319857d000-7f3198581000 ---p 00000000 00:00 0 
7f3198581000-7f319867e000 rw-p 00000000 00:00 0 
7f319867e000-7f3198682000 ---p 00000000 00:00 0 
7f3198682000-7f319877f000 rw-p 00000000 00:00 0 
7f319877f000-7f3198780000 ---p 00000000 00:00 0 
7f3198780000-7f3198902000 rw-p 00000000 00:00 0 
7f3198902000-7f3198b72000 rwxp 00000000 00:00 0 
7f3198b72000-7f3198e91000 ---p 00000000 00:00 0 
7f3198e91000-7f3199161000 rwxp 00000000 00:00 0 
7f3199161000-7f31a03c9000 ---p 00000000 00:00 0 
7f31a03c9000-7f31a0639000 rwxp 00000000 00:00 0 
7f31a0639000-7f31a7902000 ---p 00000000 00:00 0 
7f31a8000000-7f31a8021000 rw-p 00000000 00:00 0 
7f31a8021000-7f31ac000000 ---p 00000000 00:00 0 
7f31afdfe000-7f31afe02000 ---p 00000000 00:00 0 
7f31afe02000-7f31afeff000 rw-p 00000000 00:00 0 
7f31afeff000-7f31aff03000 ---p 00000000 00:00 0 
7f31aff03000-7f31b0000000 rw-p 00000000 00:00 0 
7f31b0000000-7f31b022d000 rw-p 00000000 00:00 0 
7f31b022d000-7f31b4000000 ---p 00000000 00:00 0 
7f31b4077000-7f31b4080000 r--p 00000000 08:01 2839237                    /usr/share/glib-2.0/schemas/gschemas.compiled
7f31b4080000-7f31b48db000 rw-p 00000000 00:00 0 
7f31b48db000-7f31b48e0000 rw-p 00000000 00:00 0 
7f31b48e0000-7f31b49c6000 ---p 00000000 00:00 0 
7f31b49c6000-7f31b49cc000 rw-p 00000000 00:00 0 
7f31b49cc000-7f31b4ab1000 ---p 00000000 00:00 0 
7f31b4ab1000-7f31b4ab8000 r-xp 00000000 08:01 3364004                    /usr/lib/jvm/java-11-openjdk-amd64/lib/libzip.so
7f31b4ab8000-7f31b4cb7000 ---p 00007000 08:01 3364004                    /usr/lib/jvm/java-11-openjdk-amd64/lib/libzip.so
7f31b4cb7000-7f31b4cb8000 r--p 00006000 08:01 3364004                    /usr/lib/jvm/java-11-openjdk-amd64/lib/libzip.so
7f31b4cb8000-7f31b4cb9000 rw-p 00007000 08:01 3364004                    /usr/lib/jvm/java-11-openjdk-amd64/lib/libzip.so
7f31b4cb9000-7f31b4cc4000 r-xp 00000000 08:01 2072909                    /lib/x86_64-linux-gnu/libnss_files-2.27.so
7f31b4cc4000-7f31b4ec3000 ---p 0000b000 08:01 2072909                    /lib/x86_64-linux-gnu/libnss_files-2.27.so
7f31b4ec3000-7f31b4ec4000 r--p 0000a000 08:01 2072909                    /lib/x86_64-linux-gnu/libnss_files-2.27.so
7f31b4ec4000-7f31b4ec5000 rw-p 0000b000 08:01 2072909                    /lib/x86_64-linux-gnu/libnss_files-2.27.so
7f31b4ec5000-7f31b4ecb000 rw-p 00000000 00:00 0 
7f31b4ecb000-7f31b4ee2000 r-xp 00000000 08:01 2072903                    /lib/x86_64-linux-gnu/libnsl-2.27.so
7f31b4ee2000-7f31b50e1000 ---p 00017000 08:01 2072903                    /lib/x86_64-linux-gnu/libnsl-2.27.so
7f31b50e1000-7f31b50e2000 r--p 00016000 08:01 2072903                    /lib/x86_64-linux-gnu/libnsl-2.27.so
7f31b50e2000-7f31b50e3000 rw-p 00017000 08:01 2072903                    /lib/x86_64-linux-gnu/libnsl-2.27.so
7f31b50e3000-7f31b50e5000 rw-p 00000000 00:00 0 
7f31b50e5000-7f31b50f0000 r-xp 00000000 08:01 2072913                    /lib/x86_64-linux-gnu/libnss_nis-2.27.so
7f31b50f0000-7f31b52ef000 ---p 0000b000 08:01 2072913                    /lib/x86_64-linux-gnu/libnss_nis-2.27.so
7f31b52ef000-7f31b52f0000 r--p 0000a000 08:01 2072913                    /lib/x86_64-linux-gnu/libnss_nis-2.27.so
7f31b52f0000-7f31b52f1000 rw-p 0000b000 08:01 2072913                    /lib/x86_64-linux-gnu/libnss_nis-2.27.so
7f31b52f1000-7f31b52f9000 r-xp 00000000 08:01 2072905                    /lib/x86_64-linux-gnu/libnss_compat-2.27.so
7f31b52f9000-7f31b54f9000 ---p 00008000 08:01 2072905                    /lib/x86_64-linux-gnu/libnss_compat-2.27.so
7f31b54f9000-7f31b54fa000 r--p 00008000 08:01 2072905                    /lib/x86_64-linux-gnu/libnss_compat-2.27.so
7f31b54fa000-7f31b54fb000 rw-p 00009000 08:01 2072905                    /lib/x86_64-linux-gnu/libnss_compat-2.27.so
7f31b54fb000-7f31b5500000 r-xp 00000000 08:01 3363986                    /usr/lib/jvm/java-11-openjdk-amd64/lib/libjimage.so
7f31b5500000-7f31b56ff000 ---p 00005000 08:01 3363986                    /usr/lib/jvm/java-11-openjdk-amd64/lib/libjimage.so
7f31b56ff000-7f31b5700000 r--p 00004000 08:01 3363986                    /usr/lib/jvm/java-11-openjdk-amd64/lib/libjimage.so
7f31b5700000-7f31b5701000 rw-p 00005000 08:01 3363986                    /usr/lib/jvm/java-11-openjdk-amd64/lib/libjimage.so
7f31b5701000-7f31b572a000 r-xp 00000000 08:01 3363982                    /usr/lib/jvm/java-11-openjdk-amd64/lib/libjava.so
7f31b572a000-7f31b592a000 ---p 00029000 08:01 3363982                    /usr/lib/jvm/java-11-openjdk-amd64/lib/libjava.so
7f31b592a000-7f31b592b000 r--p 00029000 08:01 3363982                    /usr/lib/jvm/java-11-openjdk-amd64/lib/libjava.so
7f31b592b000-7f31b592c000 rw-p 0002a000 08:01 3363982                    /usr/lib/jvm/java-11-openjdk-amd64/lib/libjava.so
7f31b592c000-7f31b592d000 rw-p 00000000 00:00 0 
7f31b592d000-7f31b593a000 r-xp 00000000 08:01 3364003                    /usr/lib/jvm/java-11-openjdk-amd64/lib/libverify.so
7f31b593a000-7f31b5b39000 ---p 0000d000 08:01 3364003                    /usr/lib/jvm/java-11-openjdk-amd64/lib/libverify.so
7f31b5b39000-7f31b5b3b000 r--p 0000c000 08:01 3364003                    /usr/lib/jvm/java-11-openjdk-amd64/lib/libverify.so
7f31b5b3b000-7f31b5b3c000 rw-p 0000e000 08:01 3364003                    /usr/lib/jvm/java-11-openjdk-amd64/lib/libverify.so
7f31b5b3c000-7f31b5b43000 r-xp 00000000 08:01 2072932                    /lib/x86_64-linux-gnu/librt-2.27.so
7f31b5b43000-7f31b5d42000 ---p 00007000 08:01 2072932                    /lib/x86_64-linux-gnu/librt-2.27.so
7f31b5d42000-7f31b5d43000 r--p 00006000 08:01 2072932                    /lib/x86_64-linux-gnu/librt-2.27.so
7f31b5d43000-7f31b5d44000 rw-p 00007000 08:01 2072932                    /lib/x86_64-linux-gnu/librt-2.27.so
7f31b5d44000-7f31b5d5b000 r-xp 00000000 08:01 2072885                    /lib/x86_64-linux-gnu/libgcc_s.so.1
7f31b5d5b000-7f31b5f5a000 ---p 00017000 08:01 2072885                    /lib/x86_64-linux-gnu/libgcc_s.so.1
7f31b5f5a000-7f31b5f5b000 r--p 00016000 08:01 2072885                    /lib/x86_64-linux-gnu/libgcc_s.so.1
7f31b5f5b000-7f31b5f5c000 rw-p 00017000 08:01 2072885                    /lib/x86_64-linux-gnu/libgcc_s.so.1
7f31b5f5c000-7f31b60f9000 r-xp 00000000 08:01 2072892                    /lib/x86_64-linux-gnu/libm-2.27.so
7f31b60f9000-7f31b62f8000 ---p 0019d000 08:01 2072892                    /lib/x86_64-linux-gnu/libm-2.27.so
7f31b62f8000-7f31b62f9000 r--p 0019c000 08:01 2072892                    /lib/x86_64-linux-gnu/libm-2.27.so
7f31b62f9000-7f31b62fa000 rw-p 0019d000 08:01 2072892                    /lib/x86_64-linux-gnu/libm-2.27.so
7f31b62fa000-7f31b6473000 r-xp 00000000 08:01 2073665                    /usr/lib/x86_64-linux-gnu/libstdc++.so.6.0.25
7f31b6473000-7f31b6673000 ---p 00179000 08:01 2073665                    /usr/lib/x86_64-linux-gnu/libstdc++.so.6.0.25
7f31b6673000-7f31b667d000 r--p 00179000 08:01 2073665                    /usr/lib/x86_64-linux-gnu/libstdc++.so.6.0.25
7f31b667d000-7f31b667f000 rw-p 00183000 08:01 2073665                    /usr/lib/x86_64-linux-gnu/libstdc++.so.6.0.25
7f31b667f000-7f31b6683000 rw-p 00000000 00:00 0 
7f31b6683000-7f31b7761000 r-xp 00000000 08:01 3364017                    /usr/lib/jvm/java-11-openjdk-amd64/lib/server/libjvm.so
7f31b7761000-7f31b7960000 ---p 010de000 08:01 3364017                    /usr/lib/jvm/java-11-openjdk-amd64/lib/server/libjvm.so
7f31b7960000-7f31b7a1d000 r--p 010dd000 08:01 3364017                    /usr/lib/jvm/java-11-openjdk-amd64/lib/server/libjvm.so
7f31b7a1d000-7f31b7a56000 rw-p 0119a000 08:01 3364017                    /usr/lib/jvm/java-11-openjdk-amd64/lib/server/libjvm.so
7f31b7a56000-7f31b7aad000 rw-p 00000000 00:00 0 
7f31b7aad000-7f31b7ac7000 r-xp 00000000 08:01 2072928                    /lib/x86_64-linux-gnu/libpthread-2.27.so
7f31b7ac7000-7f31b7cc6000 ---p 0001a000 08:01 2072928                    /lib/x86_64-linux-gnu/libpthread-2.27.so
7f31b7cc6000-7f31b7cc7000 r--p 00019000 08:01 2072928                    /lib/x86_64-linux-gnu/libpthread-2.27.so
7f31b7cc7000-7f31b7cc8000 rw-p 0001a000 08:01 2072928                    /lib/x86_64-linux-gnu/libpthread-2.27.so
7f31b7cc8000-7f31b7ccc000 rw-p 00000000 00:00 0 
7f31b7ccc000-7f31b7ccf000 r-xp 00000000 08:01 2072877                    /lib/x86_64-linux-gnu/libdl-2.27.so
7f31b7ccf000-7f31b7ece000 ---p 00003000 08:01 2072877                    /lib/x86_64-linux-gnu/libdl-2.27.so
7f31b7ece000-7f31b7ecf000 r--p 00002000 08:01 2072877                    /lib/x86_64-linux-gnu/libdl-2.27.so
7f31b7ecf000-7f31b7ed0000 rw-p 00003000 08:01 2072877                    /lib/x86_64-linux-gnu/libdl-2.27.so
7f31b7ed0000-7f31b7eec000 r-xp 00000000 08:01 2072955                    /lib/x86_64-linux-gnu/libz.so.1.2.11
7f31b7eec000-7f31b80eb000 ---p 0001c000 08:01 2072955                    /lib/x86_64-linux-gnu/libz.so.1.2.11
7f31b80eb000-7f31b80ec000 r--p 0001b000 08:01 2072955                    /lib/x86_64-linux-gnu/libz.so.1.2.11
7f31b80ec000-7f31b80ed000 rw-p 0001c000 08:01 2072955                    /lib/x86_64-linux-gnu/libz.so.1.2.11
7f31b80ed000-7f31b82d4000 r-xp 00000000 08:01 2072867                    /lib/x86_64-linux-gnu/libc-2.27.so
7f31b82d4000-7f31b84d4000 ---p 001e7000 08:01 2072867                    /lib/x86_64-linux-gnu/libc-2.27.so
7f31b84d4000-7f31b84d8000 r--p 001e7000 08:01 2072867                    /lib/x86_64-linux-gnu/libc-2.27.so
7f31b84d8000-7f31b84da000 rw-p 001eb000 08:01 2072867                    /lib/x86_64-linux-gnu/libc-2.27.so
7f31b84da000-7f31b84de000 rw-p 00000000 00:00 0 
7f31b84de000-7f31b84ee000 r-xp 00000000 08:01 3363964                    /usr/lib/jvm/java-11-openjdk-amd64/lib/jli/libjli.so
7f31b84ee000-7f31b86ed000 ---p 00010000 08:01 3363964                    /usr/lib/jvm/java-11-openjdk-amd64/lib/jli/libjli.so
7f31b86ed000-7f31b86ee000 r--p 0000f000 08:01 3363964                    /usr/lib/jvm/java-11-openjdk-amd64/lib/jli/libjli.so
7f31b86ee000-7f31b86ef000 rw-p 00010000 08:01 3363964                    /usr/lib/jvm/java-11-openjdk-amd64/lib/jli/libjli.so
7f31b86ef000-7f31b8716000 r-xp 00000000 08:01 2072849                    /lib/x86_64-linux-gnu/ld-2.27.so
7f31b871a000-7f31b8787000 rw-p 00000000 00:00 0 
7f31b8787000-7f31b87af000 ---p 00000000 00:00 0 
7f31b87af000-7f31b87b1000 rw-p 00000000 00:00 0 
7f31b87b1000-7f31b87c4000 ---p 00000000 00:00 0 
7f31b87c4000-7f31b87c7000 rw-p 00000000 00:00 0 
7f31b87c7000-7f31b87ef000 ---p 00000000 00:00 0 
7f31b87ef000-7f31b87f0000 rw-p 00000000 00:00 0 
7f31b87f0000-7f31b87f4000 ---p 00000000 00:00 0 
7f31b87f4000-7f31b88f6000 rw-p 00000000 00:00 0 
7f31b88f6000-7f31b88f7000 r--s 00000000 08:01 9089166                    /home/runner/.cache/dconf/user
7f31b88f7000-7f31b88fc000 rw-p 00000000 00:00 0 
7f31b88fc000-7f31b8903000 ---p 00000000 00:00 0 
7f31b8903000-7f31b8905000 r--s 00007000 08:01 4138764                    /usr/share/java/java-atk-wrapper.jar
7f31b8905000-7f31b890d000 rw-s 00000000 08:01 10105915                   /tmp/hsperfdata_runner/286
7f31b890d000-7f31b890e000 ---p 00000000 00:00 0 
7f31b890e000-7f31b890f000 r--p 00000000 00:00 0 
7f31b890f000-7f31b8910000 r--p 00000000 08:01 2081753                    /usr/local/lib/repl.so
7f31b8910000-7f31b8911000 r-xp 00001000 08:01 2081753                    /usr/local/lib/repl.so
7f31b8911000-7f31b8912000 r--p 00002000 08:01 2081753                    /usr/local/lib/repl.so
7f31b8912000-7f31b8913000 r--p 00002000 08:01 2081753                    /usr/local/lib/repl.so
7f31b8913000-7f31b8914000 rw-p 00003000 08:01 2081753                    /usr/local/lib/repl.so
7f31b8914000-7f31b8916000 rw-p 00000000 00:00 0 
7f31b8916000-7f31b8917000 r--p 00027000 08:01 2072849                    /lib/x86_64-linux-gnu/ld-2.27.so
7f31b8917000-7f31b8918000 rw-p 00028000 08:01 2072849                    /lib/x86_64-linux-gnu/ld-2.27.so
7f31b8918000-7f31b8919000 rw-p 00000000 00:00 0 
7ffe5b507000-7ffe5b528000 rw-p 00000000 00:00 0                          [stack]
7ffe5b5a6000-7ffe5b5a9000 r--p 00000000 00:00 0                          [vvar]
7ffe5b5a9000-7ffe5b5aa000 r-xp 00000000 00:00 0                          [vdso]
ffffffffff600000-ffffffffff601000 r-xp 00000000 00:00 0                  [vsyscall]


VM Arguments:
java_command: Main
java_class_path (initial): .
Launcher Type: SUN_STANDARD

[Global flags]
     intx CICompilerCount                          = 2                                         {product} {ergonomic}
   size_t InitialHeapSize                          = 8388608                                   {product} {ergonomic}
   size_t MaxHeapSize                              = 134217728                                 {product} {ergonomic}
   size_t MaxNewSize                               = 44695552                                  {product} {ergonomic}
   size_t MinHeapDeltaBytes                        = 196608                                    {product} {ergonomic}
   size_t NewSize                                  = 2752512                                   {product} {ergonomic}
    uintx NonNMethodCodeHeapSize                   = 5825164                                {pd product} {ergonomic}
    uintx NonProfiledCodeHeapSize                  = 122916538                              {pd product} {ergonomic}
   size_t OldSize                                  = 5636096                                   {product} {ergonomic}
    uintx ProfiledCodeHeapSize                     = 122916538                              {pd product} {ergonomic}
    uintx ReservedCodeCacheSize                    = 251658240                              {pd product} {ergonomic}
     bool SegmentedCodeCache                       = true                                      {product} {ergonomic}
     bool UseCompressedClassPointers               = true                                 {lp64_product} {ergonomic}
     bool UseCompressedOops                        = true                                 {lp64_product} {ergonomic}
     bool UseSerialGC                              = true                                      {product} {ergonomic}

Logging:
Log output configuration:
 #0: stdout all=warning uptime,level,tags
 #1: stderr all=off uptime,level,tags

Environment Variables:
PATH=/home/runner/.apt/usr/bin:/usr/local/go/bin:/opt/virtualenvs/python3/bin:/usr/GNUstep/System/Tools:/usr/GNUstep/Local/Tools:/usr/local/sbin:/usr/local/bin:/usr/sbin:/usr/bin:/sbin:/bin
LD_LIBRARY_PATH=/home/runner/.apt/usr/lib/x86_64-linux-gnu:/home/runner/.apt/usr/lib/i386-linux-gnu:/home/runner/.apt/usr/lib:
LD_PRELOAD=/usr/local/lib/repl.so
DISPLAY=MAGIC
LANG=en_US.UTF-8
LC_ALL=en_US.UTF-8

Signal Handlers:
SIGSEGV: [libjvm.so+0xdf9610], sa_mask[0]=11111111011111111101111111111110, sa_flags=SA_RESTART|SA_SIGINFO
SIGBUS: [libjvm.so+0xdf9610], sa_mask[0]=11111111011111111101111111111110, sa_flags=SA_RESTART|SA_SIGINFO
SIGFPE: [libjvm.so+0xdf9610], sa_mask[0]=11111111011111111101111111111110, sa_flags=SA_RESTART|SA_SIGINFO
SIGPIPE: SIG_IGN, sa_mask[0]=00000000000010000000000000000000, sa_flags=SA_RESTART
SIGXFSZ: [libjvm.so+0xbcc360], sa_mask[0]=11111111011111111101111111111110, sa_flags=SA_RESTART|SA_SIGINFO
SIGILL: [libjvm.so+0xdf9610], sa_mask[0]=11111111011111111101111111111110, sa_flags=SA_RESTART|SA_SIGINFO
SIGUSR2: [libjvm.so+0xbcc200], sa_mask[0]=00000000000000000000000000000000, sa_flags=SA_RESTART|SA_SIGINFO
SIGHUP: [libjvm.so+0xbcc560], sa_mask[0]=11111111011111111101111111111110, sa_flags=SA_RESTART|SA_SIGINFO
SIGINT: [libjvm.so+0xbcc560], sa_mask[0]=11111111011111111101111111111110, sa_flags=SA_RESTART|SA_SIGINFO
SIGTERM: [libjvm.so+0xbcc560], sa_mask[0]=11111111011111111101111111111110, sa_flags=SA_RESTART|SA_SIGINFO
SIGQUIT: [libjvm.so+0xbcc560], sa_mask[0]=11111111011111111101111111111110, sa_flags=SA_RESTART|SA_SIGINFO


---------------  S Y S T E M  ---------------

OS:DISTRIB_ID=Ubuntu
DISTRIB_RELEASE=18.04
DISTRIB_CODENAME=bionic
DISTRIB_DESCRIPTION="Ubuntu 18.04.5 LTS"
uname:Linux 5.4.0-1019-gcp #19-Ubuntu SMP Tue Jun 23 15:46:40 UTC 2020 x86_64
OS uptime: 0 days 17:55 hours
libc:glibc 2.27 NPTL 2.27 
rlimit (soft/hard): STACK 8192k/infinity , CORE infinity/infinity , NPROC infinity/infinity , NOFILE 512/512 , AS infinity/infinity , CPU infinity/infinity , DATA infinity/infinity , FSIZE infinity/infinity , MEMLOCK 64k/64k
load average:14.01 7.85 6.39

/proc/meminfo:
MemTotal:       26694668 kB
MemFree:         2191236 kB
MemAvailable:   14094952 kB
Buffers:          314656 kB
Cached:          9291356 kB
SwapCached:            0 kB
Active:         14402824 kB
Inactive:        5536324 kB
Active(anon):    9065688 kB
Inactive(anon):    17900 kB
Active(file):    5337136 kB
Inactive(file):  5518424 kB
Unevictable:       52168 kB
Mlocked:           52168 kB
SwapTotal:             0 kB
SwapFree:              0 kB
Dirty:              3480 kB
Writeback:             0 kB
AnonPages:      10386200 kB
Mapped:           813368 kB
Shmem:             30228 kB
KReclaimable:    1465588 kB
Slab:            3712816 kB
SReclaimable:    1465588 kB
SUnreclaim:      2247228 kB
KernelStack:      383104 kB
PageTables:       150260 kB
NFS_Unstable:          0 kB
Bounce:                0 kB
WritebackTmp:          0 kB
CommitLimit:    13347332 kB
Committed_AS:   87509308 kB
VmallocTotal:   34359738367 kB
VmallocUsed:      404588 kB
VmallocChunk:          0 kB
Percpu:            44272 kB
HardwareCorrupted:     0 kB
AnonHugePages:    393216 kB
ShmemHugePages:        0 kB
ShmemPmdMapped:        0 kB
FileHugePages:         0 kB
FilePmdMapped:         0 kB
CmaTotal:              0 kB
CmaFree:               0 kB
HugePages_Total:       0
HugePages_Free:        0
HugePages_Rsvd:        0
HugePages_Surp:        0
Hugepagesize:       2048 kB
Hugetlb:               0 kB
DirectMap4k:     6016232 kB
DirectMap2M:    21245952 kB
DirectMap1G:     2097152 kB

/sys/kernel/mm/transparent_hugepage/enabled:
always [madvise] never

/sys/kernel/mm/transparent_hugepage/defrag (defrag/compaction efforts parameter):
always defer defer+madvise [madvise] never


/proc/sys/kernel/threads-max (system-wide limit on the number of threads):
208489


/proc/sys/vm/max_map_count (maximum number of memory map areas a process may have):
65530


/proc/sys/kernel/pid_max (system-wide limit on number of process identifiers):
4194304



container (cgroup) information:
container_type: cgroupv1
cpu_cpuset_cpus: 0-3
cpu_memory_nodes: 0
active_processor_count: 1
cpu_quota: 50000
cpu_period: 100000
cpu_shares: 512
memory_limit_in_bytes: 536870912
memory_and_swap_limit_in_bytes: -2
memory_soft_limit_in_bytes: -1
memory_usage_in_bytes: 86982656
memory_max_usage_in_bytes: 106725376

KVM virtualization detected
Steal ticks since vm start: 0
Steal ticks percentage since vm start:  0.000

CPU:total 4 (initial active 1) (2 cores per cpu, 2 threads per core) family 6 model 63 stepping 0, cmov, cx8, fxsr, mmx, sse, sse2, sse3, ssse3, sse4.1, sse4.2, popcnt, avx, avx2, aes, clmul, erms, lzcnt, ht, tsc, tscinvbit, bmi1, bmi2, fma
CPU Model and flags from /proc/cpuinfo:
model name	: Intel(R) Xeon(R) CPU @ 2.30GHz
flags		: fpu vme de pse tsc msr pae mce cx8 apic sep mtrr pge mca cmov pat pse36 clflush mmx fxsr sse sse2 ss ht syscall nx pdpe1gb rdtscp lm constant_tsc rep_good nopl xtopology nonstop_tsc cpuid tsc_known_freq pni pclmulqdq ssse3 fma cx16 pcid sse4_1 sse4_2 x2apic movbe popcnt aes xsave avx f16c rdrand hypervisor lahf_lm abm invpcid_single pti ssbd ibrs ibpb stibp fsgsbase tsc_adjust bmi1 avx2 smep bmi2 erms invpcid xsaveopt arat md_clear arch_capabilities

Memory: 4k page, physical 524288k(439344k free), swap 0k(0k free)

vm_info: OpenJDK 64-Bit Server VM (11.0.8+10-post-Ubuntu-0ubuntu118.04.1) for linux-amd64 JRE (11.0.8+10-post-Ubuntu-0ubuntu118.04.1), built on Jul 15 2020 20:45:24 by "unknown" with gcc 7.5.0

END.
